[20:43:10] Error: Unable to retrieve mac address (unexpected format)
    at k (/data/data/com.termux/files/usr/lib/code-server/lib/vscode/out/vs/server/node/server.main.js:100:3515)
    at g (/data/data/com.termux/files/usr/lib/code-server/lib/vscode/out/vs/server/node/server.main.js:100:4571)
    at async /data/data/com.termux/files/usr/lib/code-server/lib/vscode/out/vs/server/node/server.main.js:100:4455
Failed login attempt {"remoteAddress":"127.0.0.1","userAgent":"Mozilla/5.0 (Linux; Android 10; K) AppleWebKit/537.36 (KHTML, like Gecko) Chrome/127.0.0.0 Mobile Safari/537.36","timestamp":1726845238}
File not found: /data/data/com.termux/files/usr/lib/code-server/lib/vscode/out/vsda.js
File not found: /data/data/com.termux/files/usr/lib/code-server/lib/vscode/out/vsda_bg.wasm
File not found: /data/data/com.termux/files/usr/lib/code-server/lib/vscode/out/vsda_bg.wasm
File not found: /data/data/com.termux/files/usr/lib/code-server/lib/vscode/out/vsda.js
[21:44:53] Error: Unable to retrieve mac address (unexpected format)
    at k (/data/data/com.termux/files/usr/lib/code-server/lib/vscode/out/vs/server/node/server.main.js:100:3515)
    at g (/data/data/com.termux/files/usr/lib/code-server/lib/vscode/out/vs/server/node/server.main.js:100:4571)
    at async /data/data/com.termux/files/usr/lib/code-server/lib/vscode/out/vs/server/node/server.main.js:100:4455
File not found: /data/data/com.termux/files/usr/lib/code-server/lib/vscode/out/vsda_bg.wasm
File not found: /data/data/com.termux/files/usr/lib/code-server/lib/vscode/out/vsda.js
File not found: /data/data/com.termux/files/usr/lib/code-server/lib/vscode/out/vsda_bg.wasm
File not found: /data/data/com.termux/files/usr/lib/code-server/lib/vscode/out/vsda.js
[14:12:13] Error: Unable to retrieve mac address (unexpected format)
    at k (/data/data/com.termux/files/usr/lib/code-server/lib/vscode/out/vs/server/node/server.main.js:100:3515)
    at g (/data/data/com.termux/files/usr/lib/code-server/lib/vscode/out/vs/server/node/server.main.js:100:4571)
    at async /data/data/com.termux/files/usr/lib/code-server/lib/vscode/out/vs/server/node/server.main.js:100:4455
File not found: /data/data/com.termux/files/usr/lib/code-server/lib/vscode/out/vsda_bg.wasm
File not found: /data/data/com.termux/files/usr/lib/code-server/lib/vscode/out/vsda.js
[18:29:37] Error: Unable to retrieve mac address (unexpected format)
    at k (/data/data/com.termux/files/usr/lib/code-server/lib/vscode/out/vs/server/node/server.main.js:100:3515)
    at g (/data/data/com.termux/files/usr/lib/code-server/lib/vscode/out/vs/server/node/server.main.js:100:4571)
    at async /data/data/com.termux/files/usr/lib/code-server/lib/vscode/out/vs/server/node/server.main.js:100:4455
File not found: /data/data/com.termux/files/usr/lib/code-server/lib/vscode/out/vsda.js
File not found: /data/data/com.termux/files/usr/lib/code-server/lib/vscode/out/vsda_bg.wasm
[node.js fs] readdir with filetypes failed with error:  [Error: EACCES: permission denied, scandir '/data'] {
  errno: -13,
  code: 'EACCES',
  syscall: 'scandir',
  path: '/data'
}
[19:49:36] Could not load vsce-sign module Cannot find module '@vscode/vsce-sign'
Require stack:
- /data/data/com.termux/files/usr/lib/code-server/lib/vscode/out/bootstrap-amd.js
- /data/data/com.termux/files/usr/lib/code-server/out/node/util.js
- /data/data/com.termux/files/usr/lib/code-server/out/node/cli.js
- /data/data/com.termux/files/usr/lib/code-server/out/node/entry.js
[19:50:25] Could not load vsce-sign module Cannot find module '@vscode/vsce-sign'
Require stack:
- /data/data/com.termux/files/usr/lib/code-server/lib/vscode/out/bootstrap-amd.js
- /data/data/com.termux/files/usr/lib/code-server/out/node/util.js
- /data/data/com.termux/files/usr/lib/code-server/out/node/cli.js
- /data/data/com.termux/files/usr/lib/code-server/out/node/entry.js
[19:50:25] Could not load vsce-sign module Cannot find module '@vscode/vsce-sign'
Require stack:
- /data/data/com.termux/files/usr/lib/code-server/lib/vscode/out/bootstrap-amd.js
- /data/data/com.termux/files/usr/lib/code-server/out/node/util.js
- /data/data/com.termux/files/usr/lib/code-server/out/node/cli.js
- /data/data/com.termux/files/usr/lib/code-server/out/node/entry.js
File not found: /data/data/com.termux/files/usr/lib/code-server/lib/vscode/out/vsda_bg.wasm
File not found: /data/data/com.termux/files/usr/lib/code-server/lib/vscode/out/vsda.js
Error: Unexpected SIGPIPE
    at process.<anonymous> (/data/data/com.termux/files/usr/lib/code-server/lib/vscode/out/bootstrap.js:1:471)
    at process.emit (node:events:529:35)
[20:32:40] Error: Unexpected SIGPIPE
    at process.<anonymous> (/data/data/com.termux/files/usr/lib/code-server/lib/vscode/out/vs/server/node/server.main.js:190:6057)
    at process.emit (node:events:529:35)
File not found: /data/data/com.termux/files/usr/lib/code-server/lib/vscode/out/vsda_bg.wasm
File not found: /data/data/com.termux/files/usr/lib/code-server/lib/vscode/out/vsda.js
