2024-09-24 20:32:54.930 [info] Log level: Info
2024-09-24 20:32:54.930 [info] Validating found git in: "git"
2024-09-24 20:32:54.930 [info] Using git "2.46.1" from "git"
2024-09-24 20:32:54.930 [info] > git rev-parse --show-toplevel [152ms]
2024-09-24 20:32:54.930 [info] > git rev-parse --show-toplevel [239ms]
2024-09-24 20:32:55.055 [info] > git rev-parse --show-toplevel [100ms]
2024-09-24 20:32:55.120 [info] > git rev-parse --show-toplevel [29ms]
2024-09-24 20:34:03.315 [info] > git rev-parse --show-toplevel [9ms]
2024-09-24 20:34:03.343 [info] > git rev-parse --git-dir --git-common-dir [11ms]
2024-09-24 20:34:03.455 [info] Open repository: /data/data/com.termux/files/home
2024-09-24 20:34:03.525 [info] > git config --get commit.template [31ms]
2024-09-24 20:34:03.535 [info] > git for-each-ref --format=%(refname)%00%(upstream:short)%00%(objectname)%00%(upstream:track)%00%(upstream:remotename)%00%(upstream:remoteref) refs/heads/main refs/remotes/main [22ms]
2024-09-24 20:34:03.939 [info] > git status -z -uall [376ms]
2024-09-24 20:34:05.738 [info] > git merge-base refs/heads/main refs/remotes/origin/main [1698ms]
2024-09-24 20:34:05.772 [info] > git fetch [2319ms]
2024-09-24 20:34:05.877 [info] > git check-ignore -v -z --stdin [64ms]
2024-09-24 20:34:05.883 [info] > git rev-list --count --left-right refs/heads/main...refs/remotes/origin/main [112ms]
2024-09-24 20:34:05.904 [info] > git config --get commit.template [175ms]
2024-09-24 20:34:05.950 [info] > git diff --name-status -z --diff-filter=ADMR 8b172d9ed36a78e276f351349d8566cba8f16530...refs/remotes/origin/main [48ms]
2024-09-24 20:34:05.959 [info] > git config --get commit.template [82ms]
2024-09-24 20:34:05.962 [info] > git for-each-ref --format=%(refname)%00%(upstream:short)%00%(objectname)%00%(upstream:track)%00%(upstream:remotename)%00%(upstream:remoteref) refs/heads/main refs/remotes/main [19ms]
2024-09-24 20:34:05.964 [info] > git for-each-ref --format=%(refname)%00%(upstream:short)%00%(objectname)%00%(upstream:track)%00%(upstream:remotename)%00%(upstream:remoteref) refs/heads/main refs/remotes/main [41ms]
2024-09-24 20:34:06.031 [info] > git status -z -uall [46ms]
2024-09-24 20:34:07.624 [info] > git merge-base refs/heads/main refs/remotes/origin/main [1477ms]
2024-09-24 20:34:07.677 [info] > git rev-list --count --left-right refs/heads/main...refs/remotes/origin/main [34ms]
2024-09-24 20:34:08.251 [info] > git show --textconv :website/app.py [53ms]
2024-09-24 20:34:08.281 [info] > git ls-files --stage -- /data/data/com.termux/files/home/website/app.py [45ms]
2024-09-24 20:34:09.140 [info] > git check-ignore -v -z --stdin [61ms]
2024-09-24 20:34:10.816 [info] > git check-ignore -v -z --stdin [14ms]
2024-09-24 20:34:11.543 [info] > git check-ignore -v -z --stdin [16ms]
2024-09-24 20:34:11.889 [info] > git config --get commit.template [32ms]
2024-09-24 20:34:11.899 [info] > git for-each-ref --format=%(refname)%00%(upstream:short)%00%(objectname)%00%(upstream:track)%00%(upstream:remotename)%00%(upstream:remoteref) refs/heads/main refs/remotes/main [13ms]
2024-09-24 20:34:11.966 [info] > git status -z -uall [40ms]
2024-09-24 20:34:12.699 [info] > git check-ignore -v -z --stdin [18ms]
2024-09-24 20:34:13.902 [info] > git check-ignore -v -z --stdin [9ms]
2024-09-24 20:34:15.364 [info] > git check-ignore -v -z --stdin [19ms]
2024-09-24 20:34:17.055 [info] > git config --get commit.template [29ms]
2024-09-24 20:34:17.058 [info] > git for-each-ref --format=%(refname)%00%(upstream:short)%00%(objectname)%00%(upstream:track)%00%(upstream:remotename)%00%(upstream:remoteref) refs/heads/main refs/remotes/main [11ms]
2024-09-24 20:34:17.102 [info] > git status -z -uall [28ms]
2024-09-24 20:34:22.220 [info] > git config --get commit.template [37ms]
2024-09-24 20:34:22.232 [info] > git for-each-ref --format=%(refname)%00%(upstream:short)%00%(objectname)%00%(upstream:track)%00%(upstream:remotename)%00%(upstream:remoteref) refs/heads/main refs/remotes/main [18ms]
2024-09-24 20:34:22.319 [info] > git status -z -uall [54ms]
2024-09-24 20:34:27.514 [info] > git config --get commit.template [32ms]
2024-09-24 20:34:27.529 [info] > git for-each-ref --format=%(refname)%00%(upstream:short)%00%(objectname)%00%(upstream:track)%00%(upstream:remotename)%00%(upstream:remoteref) refs/heads/main refs/remotes/main [20ms]
2024-09-24 20:34:27.606 [info] > git status -z -uall [50ms]
2024-09-24 20:34:28.216 [info] > git check-ignore -v -z --stdin [10ms]
2024-09-24 20:34:32.709 [info] > git config --get commit.template [15ms]
2024-09-24 20:34:32.713 [info] > git for-each-ref --format=%(refname)%00%(upstream:short)%00%(objectname)%00%(upstream:track)%00%(upstream:remotename)%00%(upstream:remoteref) refs/heads/main refs/remotes/main [9ms]
2024-09-24 20:34:32.772 [info] > git status -z -uall [38ms]
2024-09-24 20:34:34.248 [info] > git check-ignore -v -z --stdin [8ms]
2024-09-24 20:34:35.745 [info] > git check-ignore -v -z --stdin [43ms]
2024-09-24 20:34:36.498 [info] > git check-ignore -v -z --stdin [19ms]
2024-09-24 20:34:37.341 [info] > git check-ignore -v -z --stdin [10ms]
2024-09-24 20:34:37.920 [info] > git config --get commit.template [29ms]
2024-09-24 20:34:37.926 [info] > git for-each-ref --format=%(refname)%00%(upstream:short)%00%(objectname)%00%(upstream:track)%00%(upstream:remotename)%00%(upstream:remoteref) refs/heads/main refs/remotes/main [8ms]
2024-09-24 20:34:37.965 [info] > git status -z -uall [17ms]
2024-09-24 20:34:38.498 [info] > git check-ignore -v -z --stdin [440ms]
2024-09-24 20:34:39.051 [info] > git check-ignore -v -z --stdin [19ms]
2024-09-24 20:34:39.913 [info] > git check-ignore -v -z --stdin [5ms]
2024-09-24 20:34:40.610 [info] > git check-ignore -v -z --stdin [11ms]
2024-09-24 20:34:42.214 [info] > git check-ignore -v -z --stdin [7ms]
2024-09-24 20:34:42.918 [info] > git check-ignore -v -z --stdin [19ms]
2024-09-24 20:34:43.066 [info] > git config --get commit.template [31ms]
2024-09-24 20:34:43.070 [info] > git for-each-ref --format=%(refname)%00%(upstream:short)%00%(objectname)%00%(upstream:track)%00%(upstream:remotename)%00%(upstream:remoteref) refs/heads/main refs/remotes/main [10ms]
2024-09-24 20:34:43.138 [info] > git status -z -uall [39ms]
2024-09-24 20:34:43.716 [info] > git check-ignore -v -z --stdin [22ms]
2024-09-24 20:34:44.850 [info] > git check-ignore -v -z --stdin [18ms]
2024-09-24 20:34:45.435 [info] > git check-ignore -v -z --stdin [13ms]
2024-09-24 20:34:46.841 [info] > git check-ignore -v -z --stdin [16ms]
2024-09-24 20:34:48.295 [info] > git config --get commit.template [22ms]
2024-09-24 20:34:48.308 [info] > git for-each-ref --format=%(refname)%00%(upstream:short)%00%(objectname)%00%(upstream:track)%00%(upstream:remotename)%00%(upstream:remoteref) refs/heads/main refs/remotes/main [20ms]
2024-09-24 20:34:48.367 [info] > git status -z -uall [37ms]
2024-09-24 20:34:53.534 [info] > git config --get commit.template [34ms]
2024-09-24 20:34:53.556 [info] > git for-each-ref --format=%(refname)%00%(upstream:short)%00%(objectname)%00%(upstream:track)%00%(upstream:remotename)%00%(upstream:remoteref) refs/heads/main refs/remotes/main [28ms]
2024-09-24 20:34:53.694 [info] > git status -z -uall [92ms]
2024-09-24 20:34:58.873 [info] > git config --get commit.template [28ms]
2024-09-24 20:34:58.891 [info] > git for-each-ref --format=%(refname)%00%(upstream:short)%00%(objectname)%00%(upstream:track)%00%(upstream:remotename)%00%(upstream:remoteref) refs/heads/main refs/remotes/main [20ms]
2024-09-24 20:34:58.960 [info] > git status -z -uall [46ms]
2024-09-24 20:35:04.103 [info] > git config --get commit.template [36ms]
2024-09-24 20:35:04.118 [info] > git for-each-ref --format=%(refname)%00%(upstream:short)%00%(objectname)%00%(upstream:track)%00%(upstream:remotename)%00%(upstream:remoteref) refs/heads/main refs/remotes/main [19ms]
2024-09-24 20:35:04.181 [info] > git status -z -uall [33ms]
2024-09-24 20:35:09.330 [info] > git config --get commit.template [31ms]
2024-09-24 20:35:09.349 [info] > git for-each-ref --format=%(refname)%00%(upstream:short)%00%(objectname)%00%(upstream:track)%00%(upstream:remotename)%00%(upstream:remoteref) refs/heads/main refs/remotes/main [22ms]
2024-09-24 20:35:09.427 [info] > git status -z -uall [49ms]
2024-09-24 20:35:14.616 [info] > git config --get commit.template [55ms]
2024-09-24 20:35:14.621 [info] > git for-each-ref --format=%(refname)%00%(upstream:short)%00%(objectname)%00%(upstream:track)%00%(upstream:remotename)%00%(upstream:remoteref) refs/heads/main refs/remotes/main [15ms]
2024-09-24 20:35:14.704 [info] > git status -z -uall [45ms]
2024-09-24 20:35:19.833 [info] > git config --get commit.template [31ms]
2024-09-24 20:35:19.848 [info] > git for-each-ref --format=%(refname)%00%(upstream:short)%00%(objectname)%00%(upstream:track)%00%(upstream:remotename)%00%(upstream:remoteref) refs/heads/main refs/remotes/main [16ms]
2024-09-24 20:35:19.914 [info] > git status -z -uall [36ms]
2024-09-24 20:35:25.811 [info] > git add -A -- . [3638ms]
2024-09-24 20:35:25.811 [info] error: 'html/' does not have a commit checked out
fatal: adding files failed
2024-09-24 20:35:25.890 [info] > git config --get commit.template [36ms]
2024-09-24 20:35:25.904 [info] > git for-each-ref --format=%(refname)%00%(upstream:short)%00%(objectname)%00%(upstream:track)%00%(upstream:remotename)%00%(upstream:remoteref) refs/heads/main refs/remotes/main [16ms]
2024-09-24 20:35:25.981 [info] > git status -z -uall [52ms]
2024-09-24 20:35:26.963 [info] > git for-each-ref --format=%(refname)%00%(upstream:short)%00%(objectname)%00%(upstream:track)%00%(upstream:remotename)%00%(upstream:remoteref) refs/heads/main refs/remotes/main [846ms]
2024-09-24 20:35:26.964 [info] > git config --get commit.template [877ms]
2024-09-24 20:35:27.028 [info] > git status -z -uall [43ms]
2024-09-24 20:35:32.176 [info] > git config --get commit.template [27ms]
2024-09-24 20:35:32.196 [info] > git for-each-ref --format=%(refname)%00%(upstream:short)%00%(objectname)%00%(upstream:track)%00%(upstream:remotename)%00%(upstream:remoteref) refs/heads/main refs/remotes/main [25ms]
2024-09-24 20:35:32.252 [info] > git status -z -uall [36ms]
2024-09-24 20:35:37.417 [info] > git config --get commit.template [45ms]
2024-09-24 20:35:37.432 [info] > git for-each-ref --format=%(refname)%00%(upstream:short)%00%(objectname)%00%(upstream:track)%00%(upstream:remotename)%00%(upstream:remoteref) refs/heads/main refs/remotes/main [17ms]
2024-09-24 20:35:37.503 [info] > git status -z -uall [37ms]
2024-09-24 20:35:42.657 [info] > git config --get commit.template [32ms]
2024-09-24 20:35:42.670 [info] > git for-each-ref --format=%(refname)%00%(upstream:short)%00%(objectname)%00%(upstream:track)%00%(upstream:remotename)%00%(upstream:remoteref) refs/heads/main refs/remotes/main [16ms]
2024-09-24 20:35:42.731 [info] > git status -z -uall [35ms]
2024-09-24 20:35:47.819 [info] > git config --get commit.template [13ms]
2024-09-24 20:35:47.826 [info] > git for-each-ref --format=%(refname)%00%(upstream:short)%00%(objectname)%00%(upstream:track)%00%(upstream:remotename)%00%(upstream:remoteref) refs/heads/main refs/remotes/main [9ms]
2024-09-24 20:35:47.860 [info] > git status -z -uall [21ms]
2024-09-24 20:35:52.977 [info] > git config --get commit.template [38ms]
2024-09-24 20:35:53.000 [info] > git for-each-ref --format=%(refname)%00%(upstream:short)%00%(objectname)%00%(upstream:track)%00%(upstream:remotename)%00%(upstream:remoteref) refs/heads/main refs/remotes/main [30ms]
2024-09-24 20:35:53.066 [info] > git status -z -uall [40ms]
2024-09-24 20:35:58.220 [info] > git config --get commit.template [30ms]
2024-09-24 20:35:58.233 [info] > git for-each-ref --format=%(refname)%00%(upstream:short)%00%(objectname)%00%(upstream:track)%00%(upstream:remotename)%00%(upstream:remoteref) refs/heads/main refs/remotes/main [15ms]
2024-09-24 20:35:58.295 [info] > git status -z -uall [41ms]
2024-09-24 20:36:03.473 [info] > git config --get commit.template [47ms]
2024-09-24 20:36:03.489 [info] > git for-each-ref --format=%(refname)%00%(upstream:short)%00%(objectname)%00%(upstream:track)%00%(upstream:remotename)%00%(upstream:remoteref) refs/heads/main refs/remotes/main [18ms]
2024-09-24 20:36:03.569 [info] > git status -z -uall [42ms]
2024-09-24 20:36:08.710 [info] > git for-each-ref --format=%(refname)%00%(upstream:short)%00%(objectname)%00%(upstream:track)%00%(upstream:remotename)%00%(upstream:remoteref) refs/heads/main refs/remotes/main [1ms]
2024-09-24 20:36:08.711 [info] > git config --get commit.template [26ms]
2024-09-24 20:36:08.740 [info] > git status -z -uall [17ms]
2024-09-24 20:36:13.872 [info] > git config --get commit.template [47ms]
2024-09-24 20:36:13.900 [info] > git for-each-ref --format=%(refname)%00%(upstream:short)%00%(objectname)%00%(upstream:track)%00%(upstream:remotename)%00%(upstream:remoteref) refs/heads/main refs/remotes/main [30ms]
2024-09-24 20:36:14.087 [info] > git status -z -uall [145ms]
2024-09-24 20:36:45.760 [info] > git config --get commit.template [36ms]
2024-09-24 20:36:45.769 [info] > git for-each-ref --format=%(refname)%00%(upstream:short)%00%(objectname)%00%(upstream:track)%00%(upstream:remotename)%00%(upstream:remoteref) refs/heads/main refs/remotes/main [10ms]
2024-09-24 20:36:46.028 [info] > git status -z -uall [200ms]
2024-09-24 20:36:51.204 [info] > git config --get commit.template [45ms]
2024-09-24 20:36:51.220 [info] > git for-each-ref --format=%(refname)%00%(upstream:short)%00%(objectname)%00%(upstream:track)%00%(upstream:remotename)%00%(upstream:remoteref) refs/heads/main refs/remotes/main [18ms]
2024-09-24 20:36:51.298 [info] > git status -z -uall [36ms]
2024-09-24 20:36:55.463 [info] > git add -A -- . [841ms]
2024-09-24 20:36:55.465 [info] error: 'html/' does not have a commit checked out
fatal: adding files failed
2024-09-24 20:36:55.551 [info] > git config --get commit.template [37ms]
2024-09-24 20:36:55.564 [info] > git for-each-ref --format=%(refname)%00%(upstream:short)%00%(objectname)%00%(upstream:track)%00%(upstream:remotename)%00%(upstream:remoteref) refs/heads/main refs/remotes/main [15ms]
2024-09-24 20:36:55.632 [info] > git status -z -uall [42ms]
2024-09-24 20:36:56.677 [info] > git config --get commit.template [37ms]
2024-09-24 20:36:56.701 [info] > git for-each-ref --format=%(refname)%00%(upstream:short)%00%(objectname)%00%(upstream:track)%00%(upstream:remotename)%00%(upstream:remoteref) refs/heads/main refs/remotes/main [26ms]
2024-09-24 20:36:56.759 [info] > git status -z -uall [36ms]
2024-09-24 20:37:01.881 [info] > git config --get commit.template [29ms]
2024-09-24 20:37:01.905 [info] > git for-each-ref --format=%(refname)%00%(upstream:short)%00%(objectname)%00%(upstream:track)%00%(upstream:remotename)%00%(upstream:remoteref) refs/heads/main refs/remotes/main [27ms]
2024-09-24 20:37:01.961 [info] > git status -z -uall [36ms]
2024-09-24 20:37:07.179 [info] > git fetch [1018ms]
2024-09-24 20:37:07.261 [info] > git config --get commit.template [28ms]
2024-09-24 20:37:07.281 [info] > git for-each-ref --format=%(refname)%00%(upstream:short)%00%(objectname)%00%(upstream:track)%00%(upstream:remotename)%00%(upstream:remoteref) refs/heads/main refs/remotes/main [23ms]
2024-09-24 20:37:07.346 [info] > git status -z -uall [41ms]
2024-09-24 20:37:07.489 [info] > git config --get commit.template [32ms]
2024-09-24 20:37:08.094 [info] > git for-each-ref --format=%(refname)%00%(upstream:short)%00%(objectname)%00%(upstream:track)%00%(upstream:remotename)%00%(upstream:remoteref) refs/heads/main refs/remotes/main [608ms]
2024-09-24 20:37:08.141 [info] > git status -z -uall [33ms]
2024-09-24 20:37:08.700 [info] > git ls-files --stage -- /data/data/com.termux/files/home/website/app.py [7ms]
2024-09-24 20:37:08.735 [info] > git show --textconv :website/app.py [9ms]
2024-09-24 20:37:13.252 [info] > git config --get commit.template [37ms]
2024-09-24 20:37:13.257 [info] > git for-each-ref --format=%(refname)%00%(upstream:short)%00%(objectname)%00%(upstream:track)%00%(upstream:remotename)%00%(upstream:remoteref) refs/heads/main refs/remotes/main [19ms]
2024-09-24 20:37:13.328 [info] > git status -z -uall [45ms]
2024-09-24 20:37:18.446 [info] > git config --get commit.template [26ms]
2024-09-24 20:37:18.458 [info] > git for-each-ref --format=%(refname)%00%(upstream:short)%00%(objectname)%00%(upstream:track)%00%(upstream:remotename)%00%(upstream:remoteref) refs/heads/main refs/remotes/main [16ms]
2024-09-24 20:37:18.499 [info] > git status -z -uall [23ms]
2024-09-24 20:37:23.596 [info] > git config --get commit.template [26ms]
2024-09-24 20:37:23.604 [info] > git for-each-ref --format=%(refname)%00%(upstream:short)%00%(objectname)%00%(upstream:track)%00%(upstream:remotename)%00%(upstream:remoteref) refs/heads/main refs/remotes/main [14ms]
2024-09-24 20:37:23.663 [info] > git status -z -uall [34ms]
2024-09-24 20:37:28.804 [info] > git config --get commit.template [30ms]
2024-09-24 20:37:28.819 [info] > git for-each-ref --format=%(refname)%00%(upstream:short)%00%(objectname)%00%(upstream:track)%00%(upstream:remotename)%00%(upstream:remoteref) refs/heads/main refs/remotes/main [17ms]
2024-09-24 20:37:28.899 [info] > git status -z -uall [53ms]
2024-09-24 20:37:34.105 [info] > git config --get commit.template [48ms]
2024-09-24 20:37:34.128 [info] > git for-each-ref --format=%(refname)%00%(upstream:short)%00%(objectname)%00%(upstream:track)%00%(upstream:remotename)%00%(upstream:remoteref) refs/heads/main refs/remotes/main [25ms]
2024-09-24 20:37:34.193 [info] > git status -z -uall [35ms]
2024-09-24 20:37:39.361 [info] > git config --get commit.template [47ms]
2024-09-24 20:37:39.378 [info] > git for-each-ref --format=%(refname)%00%(upstream:short)%00%(objectname)%00%(upstream:track)%00%(upstream:remotename)%00%(upstream:remoteref) refs/heads/main refs/remotes/main [19ms]
2024-09-24 20:37:39.449 [info] > git status -z -uall [40ms]
2024-09-24 20:37:44.617 [info] > git config --get commit.template [31ms]
2024-09-24 20:37:44.640 [info] > git for-each-ref --format=%(refname)%00%(upstream:short)%00%(objectname)%00%(upstream:track)%00%(upstream:remotename)%00%(upstream:remoteref) refs/heads/main refs/remotes/main [24ms]
2024-09-24 20:37:44.722 [info] > git status -z -uall [52ms]
2024-09-24 20:37:49.891 [info] > git config --get commit.template [27ms]
2024-09-24 20:37:49.906 [info] > git for-each-ref --format=%(refname)%00%(upstream:short)%00%(objectname)%00%(upstream:track)%00%(upstream:remotename)%00%(upstream:remoteref) refs/heads/main refs/remotes/main [20ms]
2024-09-24 20:37:49.970 [info] > git status -z -uall [42ms]
2024-09-24 20:37:55.141 [info] > git config --get commit.template [25ms]
2024-09-24 20:37:55.154 [info] > git for-each-ref --format=%(refname)%00%(upstream:short)%00%(objectname)%00%(upstream:track)%00%(upstream:remotename)%00%(upstream:remoteref) refs/heads/main refs/remotes/main [18ms]
2024-09-24 20:37:55.217 [info] > git status -z -uall [39ms]
2024-09-24 20:38:00.380 [info] > git config --get commit.template [42ms]
2024-09-24 20:38:00.399 [info] > git for-each-ref --format=%(refname)%00%(upstream:short)%00%(objectname)%00%(upstream:track)%00%(upstream:remotename)%00%(upstream:remoteref) refs/heads/main refs/remotes/main [20ms]
2024-09-24 20:38:00.516 [info] > git status -z -uall [63ms]
2024-09-24 20:38:05.681 [info] > git config --get commit.template [30ms]
2024-09-24 20:38:05.698 [info] > git for-each-ref --format=%(refname)%00%(upstream:short)%00%(objectname)%00%(upstream:track)%00%(upstream:remotename)%00%(upstream:remoteref) refs/heads/main refs/remotes/main [19ms]
2024-09-24 20:38:05.767 [info] > git status -z -uall [43ms]
2024-09-24 20:38:10.957 [info] > git config --get commit.template [53ms]
2024-09-24 20:38:10.978 [info] > git for-each-ref --format=%(refname)%00%(upstream:short)%00%(objectname)%00%(upstream:track)%00%(upstream:remotename)%00%(upstream:remoteref) refs/heads/main refs/remotes/main [23ms]
2024-09-24 20:38:11.040 [info] > git status -z -uall [36ms]
2024-09-24 20:38:16.194 [info] > git config --get commit.template [23ms]
2024-09-24 20:38:16.216 [info] > git for-each-ref --format=%(refname)%00%(upstream:short)%00%(objectname)%00%(upstream:track)%00%(upstream:remotename)%00%(upstream:remoteref) refs/heads/main refs/remotes/main [26ms]
2024-09-24 20:38:16.284 [info] > git status -z -uall [41ms]
2024-09-24 20:38:21.459 [info] > git config --get commit.template [51ms]
2024-09-24 20:38:21.466 [info] > git for-each-ref --format=%(refname)%00%(upstream:short)%00%(objectname)%00%(upstream:track)%00%(upstream:remotename)%00%(upstream:remoteref) refs/heads/main refs/remotes/main [19ms]
2024-09-24 20:38:21.582 [info] > git status -z -uall [68ms]
2024-09-24 20:38:26.771 [info] > git config --get commit.template [32ms]
2024-09-24 20:38:26.793 [info] > git for-each-ref --format=%(refname)%00%(upstream:short)%00%(objectname)%00%(upstream:track)%00%(upstream:remotename)%00%(upstream:remoteref) refs/heads/main refs/remotes/main [26ms]
2024-09-24 20:38:26.860 [info] > git status -z -uall [44ms]
2024-09-24 20:38:32.039 [info] > git config --get commit.template [58ms]
2024-09-24 20:38:32.050 [info] > git for-each-ref --format=%(refname)%00%(upstream:short)%00%(objectname)%00%(upstream:track)%00%(upstream:remotename)%00%(upstream:remoteref) refs/heads/main refs/remotes/main [19ms]
2024-09-24 20:38:32.139 [info] > git status -z -uall [47ms]
2024-09-24 20:38:37.305 [info] > git config --get commit.template [26ms]
2024-09-24 20:38:37.322 [info] > git for-each-ref --format=%(refname)%00%(upstream:short)%00%(objectname)%00%(upstream:track)%00%(upstream:remotename)%00%(upstream:remoteref) refs/heads/main refs/remotes/main [19ms]
2024-09-24 20:38:37.390 [info] > git status -z -uall [46ms]
2024-09-24 20:38:42.592 [info] > git config --get commit.template [48ms]
2024-09-24 20:38:42.600 [info] > git for-each-ref --format=%(refname)%00%(upstream:short)%00%(objectname)%00%(upstream:track)%00%(upstream:remotename)%00%(upstream:remoteref) refs/heads/main refs/remotes/main [18ms]
2024-09-24 20:38:42.684 [info] > git status -z -uall [41ms]
2024-09-24 20:38:47.851 [info] > git config --get commit.template [49ms]
2024-09-24 20:38:47.862 [info] > git for-each-ref --format=%(refname)%00%(upstream:short)%00%(objectname)%00%(upstream:track)%00%(upstream:remotename)%00%(upstream:remoteref) refs/heads/main refs/remotes/main [19ms]
2024-09-24 20:38:47.946 [info] > git status -z -uall [39ms]
2024-09-24 20:38:53.112 [info] > git config --get commit.template [30ms]
2024-09-24 20:38:53.128 [info] > git for-each-ref --format=%(refname)%00%(upstream:short)%00%(objectname)%00%(upstream:track)%00%(upstream:remotename)%00%(upstream:remoteref) refs/heads/main refs/remotes/main [17ms]
2024-09-24 20:38:53.206 [info] > git status -z -uall [44ms]
2024-09-24 20:38:58.390 [info] > git config --get commit.template [27ms]
2024-09-24 20:38:58.411 [info] > git for-each-ref --format=%(refname)%00%(upstream:short)%00%(objectname)%00%(upstream:track)%00%(upstream:remotename)%00%(upstream:remoteref) refs/heads/main refs/remotes/main [25ms]
2024-09-24 20:38:58.485 [info] > git status -z -uall [50ms]
2024-09-24 20:39:03.622 [info] > git config --get commit.template [21ms]
2024-09-24 20:39:03.629 [info] > git for-each-ref --format=%(refname)%00%(upstream:short)%00%(objectname)%00%(upstream:track)%00%(upstream:remotename)%00%(upstream:remoteref) refs/heads/main refs/remotes/main [8ms]
2024-09-24 20:39:03.664 [info] > git status -z -uall [20ms]
2024-09-24 20:39:08.790 [info] > git config --get commit.template [48ms]
2024-09-24 20:39:08.828 [info] > git for-each-ref --format=%(refname)%00%(upstream:short)%00%(objectname)%00%(upstream:track)%00%(upstream:remotename)%00%(upstream:remoteref) refs/heads/main refs/remotes/main [44ms]
2024-09-24 20:39:09.049 [info] > git status -z -uall [143ms]
2024-09-24 20:39:10.106 [info] > git check-ignore -v -z --stdin [892ms]
2024-09-24 20:39:11.806 [info] > git check-ignore -v -z --stdin [19ms]
2024-09-24 20:39:14.267 [info] > git config --get commit.template [36ms]
2024-09-24 20:39:14.280 [info] > git for-each-ref --format=%(refname)%00%(upstream:short)%00%(objectname)%00%(upstream:track)%00%(upstream:remotename)%00%(upstream:remoteref) refs/heads/main refs/remotes/main [18ms]
2024-09-24 20:39:14.336 [info] > git status -z -uall [31ms]
2024-09-24 20:39:15.022 [info] > git check-ignore -v -z --stdin [19ms]
2024-09-24 20:39:15.993 [info] > git check-ignore -v -z --stdin [15ms]
2024-09-24 20:39:16.746 [info] > git check-ignore -v -z --stdin [19ms]
2024-09-24 20:39:17.337 [info] > git check-ignore -v -z --stdin [6ms]
2024-09-24 20:39:18.074 [info] > git check-ignore -v -z --stdin [20ms]
2024-09-24 20:39:18.936 [info] > git check-ignore -v -z --stdin [20ms]
2024-09-24 20:39:19.463 [info] > git config --get commit.template [25ms]
2024-09-24 20:39:19.473 [info] > git for-each-ref --format=%(refname)%00%(upstream:short)%00%(objectname)%00%(upstream:track)%00%(upstream:remotename)%00%(upstream:remoteref) refs/heads/main refs/remotes/main [11ms]
2024-09-24 20:39:19.539 [info] > git status -z -uall [35ms]
2024-09-24 20:39:19.656 [info] > git check-ignore -v -z --stdin [24ms]
2024-09-24 20:39:20.181 [info] > git check-ignore -v -z --stdin [20ms]
2024-09-24 20:39:20.988 [info] > git check-ignore -v -z --stdin [19ms]
2024-09-24 20:39:21.667 [info] > git check-ignore -v -z --stdin [9ms]
2024-09-24 20:39:24.647 [info] > git config --get commit.template [14ms]
2024-09-24 20:39:24.654 [info] > git for-each-ref --format=%(refname)%00%(upstream:short)%00%(objectname)%00%(upstream:track)%00%(upstream:remotename)%00%(upstream:remoteref) refs/heads/main refs/remotes/main [9ms]
2024-09-24 20:39:24.712 [info] > git status -z -uall [37ms]
2024-09-24 20:39:29.846 [info] > git config --get commit.template [20ms]
2024-09-24 20:39:29.858 [info] > git for-each-ref --format=%(refname)%00%(upstream:short)%00%(objectname)%00%(upstream:track)%00%(upstream:remotename)%00%(upstream:remoteref) refs/heads/main refs/remotes/main [15ms]
2024-09-24 20:39:29.967 [info] > git status -z -uall [74ms]
2024-09-24 20:39:35.141 [info] > git config --get commit.template [54ms]
2024-09-24 20:39:35.152 [info] > git for-each-ref --format=%(refname)%00%(upstream:short)%00%(objectname)%00%(upstream:track)%00%(upstream:remotename)%00%(upstream:remoteref) refs/heads/main refs/remotes/main [21ms]
2024-09-24 20:39:35.272 [info] > git status -z -uall [58ms]
2024-09-24 20:39:39.031 [info] > git check-ignore -v -z --stdin [15ms]
2024-09-24 20:39:39.981 [info] > git check-ignore -v -z --stdin [4ms]
2024-09-24 20:39:40.389 [info] > git config --get commit.template [27ms]
2024-09-24 20:39:40.403 [info] > git for-each-ref --format=%(refname)%00%(upstream:short)%00%(objectname)%00%(upstream:track)%00%(upstream:remotename)%00%(upstream:remoteref) refs/heads/main refs/remotes/main [17ms]
2024-09-24 20:39:40.469 [info] > git status -z -uall [39ms]
2024-09-24 20:39:42.215 [info] > git config --get commit.template [19ms]
2024-09-24 20:39:42.229 [info] > git for-each-ref --format=%(refname)%00%(upstream:short)%00%(objectname)%00%(upstream:track)%00%(upstream:remotename)%00%(upstream:remoteref) refs/heads/main refs/remotes/main [16ms]
2024-09-24 20:39:42.285 [info] > git status -z -uall [33ms]
2024-09-24 20:39:42.395 [info] > git merge-base refs/heads/main refs/remotes/origin/main [15ms]
2024-09-24 20:39:43.115 [info] > git rev-list --count --left-right refs/heads/main...refs/remotes/origin/main [701ms]
2024-09-24 20:39:43.148 [info] > git diff --name-status -z --diff-filter=ADMR 8b172d9ed36a78e276f351349d8566cba8f16530...refs/remotes/origin/main [21ms]
2024-09-24 20:39:43.167 [info] > git merge-base refs/heads/main refs/remotes/origin/main [21ms]
2024-09-24 20:39:43.203 [info] > git rev-list --count --left-right refs/heads/main...refs/remotes/origin/main [14ms]
2024-09-24 20:39:43.256 [info] > git config --get commit.template [24ms]
2024-09-24 20:39:43.268 [info] > git for-each-ref --format=%(refname)%00%(upstream:short)%00%(objectname)%00%(upstream:track)%00%(upstream:remotename)%00%(upstream:remoteref) refs/heads/main refs/remotes/main [14ms]
2024-09-24 20:39:43.321 [info] > git status -z -uall [34ms]
2024-09-24 20:39:44.318 [info] > git merge-base refs/heads/main refs/remotes/origin/main [907ms]
2024-09-24 20:39:44.403 [info] > git rev-list --count --left-right refs/heads/main...refs/remotes/origin/main [64ms]
2024-09-24 20:39:44.456 [info] > git diff --name-status -z --diff-filter=ADMR 8b172d9ed36a78e276f351349d8566cba8f16530...refs/remotes/origin/main [35ms]
2024-09-24 20:39:44.471 [info] > git merge-base refs/heads/main refs/remotes/origin/main [19ms]
2024-09-24 20:39:44.505 [info] > git rev-list --count --left-right refs/heads/main...refs/remotes/origin/main [16ms]
2024-09-24 20:39:45.617 [info] > git config --get commit.template [31ms]
2024-09-24 20:39:45.630 [info] > git for-each-ref --format=%(refname)%00%(upstream:short)%00%(objectname)%00%(upstream:track)%00%(upstream:remotename)%00%(upstream:remoteref) refs/heads/main refs/remotes/main [16ms]
2024-09-24 20:39:45.711 [info] > git status -z -uall [48ms]
2024-09-24 20:39:50.873 [info] > git config --get commit.template [40ms]
2024-09-24 20:39:50.888 [info] > git for-each-ref --format=%(refname)%00%(upstream:short)%00%(objectname)%00%(upstream:track)%00%(upstream:remotename)%00%(upstream:remoteref) refs/heads/main refs/remotes/main [17ms]
2024-09-24 20:39:50.965 [info] > git status -z -uall [36ms]
2024-09-24 20:39:56.095 [info] > git config --get commit.template [21ms]
2024-09-24 20:39:56.100 [info] > git for-each-ref --format=%(refname)%00%(upstream:short)%00%(objectname)%00%(upstream:track)%00%(upstream:remotename)%00%(upstream:remoteref) refs/heads/main refs/remotes/main [7ms]
2024-09-24 20:39:56.130 [info] > git status -z -uall [19ms]
2024-09-24 20:40:01.228 [info] > git config --get commit.template [17ms]
2024-09-24 20:40:01.280 [info] > git for-each-ref --format=%(refname)%00%(upstream:short)%00%(objectname)%00%(upstream:track)%00%(upstream:remotename)%00%(upstream:remoteref) refs/heads/main refs/remotes/main [17ms]
2024-09-24 20:40:01.340 [info] > git status -z -uall [33ms]
2024-09-24 20:40:06.468 [info] > git config --get commit.template [35ms]
2024-09-24 20:40:06.484 [info] > git for-each-ref --format=%(refname)%00%(upstream:short)%00%(objectname)%00%(upstream:track)%00%(upstream:remotename)%00%(upstream:remoteref) refs/heads/main refs/remotes/main [17ms]
2024-09-24 20:40:06.564 [info] > git status -z -uall [41ms]
2024-09-24 20:40:08.553 [info] > git fetch [1112ms]
2024-09-24 20:40:08.624 [info] > git config --get commit.template [29ms]
2024-09-24 20:40:08.637 [info] > git for-each-ref --format=%(refname)%00%(upstream:short)%00%(objectname)%00%(upstream:track)%00%(upstream:remotename)%00%(upstream:remoteref) refs/heads/main refs/remotes/main [15ms]
2024-09-24 20:40:08.694 [info] > git status -z -uall [35ms]
2024-09-24 20:40:09.834 [info] > git ls-files --stage -- /data/data/com.termux/files/home/website/app.py [23ms]
2024-09-24 20:40:09.937 [info] > git show --textconv :website/app.py [51ms]
2024-09-24 20:40:10.808 [info] > git check-ignore -v -z --stdin [12ms]
2024-09-24 20:40:11.701 [info] > git config --get commit.template [25ms]
2024-09-24 20:40:11.707 [info] > git for-each-ref --format=%(refname)%00%(upstream:short)%00%(objectname)%00%(upstream:track)%00%(upstream:remotename)%00%(upstream:remoteref) refs/heads/main refs/remotes/main [7ms]
2024-09-24 20:40:11.753 [info] > git status -z -uall [23ms]
2024-09-24 20:40:16.839 [info] > git config --get commit.template [12ms]
2024-09-24 20:40:16.844 [info] > git for-each-ref --format=%(refname)%00%(upstream:short)%00%(objectname)%00%(upstream:track)%00%(upstream:remotename)%00%(upstream:remoteref) refs/heads/main refs/remotes/main [7ms]
2024-09-24 20:40:16.882 [info] > git status -z -uall [18ms]
2024-09-24 20:40:21.957 [info] > git config --get commit.template [20ms]
2024-09-24 20:40:21.967 [info] > git for-each-ref --format=%(refname)%00%(upstream:short)%00%(objectname)%00%(upstream:track)%00%(upstream:remotename)%00%(upstream:remoteref) refs/heads/main refs/remotes/main [14ms]
2024-09-24 20:40:22.009 [info] > git status -z -uall [28ms]
2024-09-24 20:40:27.097 [info] > git config --get commit.template [27ms]
2024-09-24 20:40:27.100 [info] > git for-each-ref --format=%(refname)%00%(upstream:short)%00%(objectname)%00%(upstream:track)%00%(upstream:remotename)%00%(upstream:remoteref) refs/heads/main refs/remotes/main [8ms]
2024-09-24 20:40:27.129 [info] > git status -z -uall [17ms]
2024-09-24 20:40:31.117 [info] > git check-ignore -v -z --stdin [8ms]
2024-09-24 20:40:31.931 [info] > git show --textconv HEAD:.cache/pip/http-v2/4/3/e/6/c/43e6c5cd02672da54e928b46933faff8f0ae8a43e0347c97c3a41413 [44ms]
2024-09-24 20:40:31.950 [info] > git ls-tree -l HEAD -- /data/data/com.termux/files/home/.cache/pip/http-v2/4/3/e/6/c/43e6c5cd02672da54e928b46933faff8f0ae8a43e0347c97c3a41413 [21ms]
2024-09-24 20:40:32.132 [info] > git ls-tree -l HEAD -- /data/data/com.termux/files/home/.cache/pip/http-v2/4/3/e/6/c/43e6c5cd02672da54e928b46933faff8f0ae8a43e0347c97c3a41413 [32ms]
2024-09-24 20:40:32.252 [info] > git config --get commit.template [35ms]
2024-09-24 20:40:32.273 [info] > git for-each-ref --format=%(refname)%00%(upstream:short)%00%(objectname)%00%(upstream:track)%00%(upstream:remotename)%00%(upstream:remoteref) refs/heads/main refs/remotes/main [24ms]
2024-09-24 20:40:32.305 [info] > git status -z -uall [17ms]
2024-09-24 20:40:33.079 [info] > git check-ignore -v -z --stdin [59ms]
2024-09-24 20:40:33.086 [info] > git ls-tree -l HEAD -- /data/data/com.termux/files/home/.cache/pip/http-v2/4/4/e/5/b/44e5b11a6caa92636d8ccfe658d420ba4ed8f67f7f4e835b214255aa [12ms]
2024-09-24 20:40:33.089 [info] > git show --textconv HEAD:.cache/pip/http-v2/4/4/e/5/b/44e5b11a6caa92636d8ccfe658d420ba4ed8f67f7f4e835b214255aa [34ms]
2024-09-24 20:40:33.341 [info] > git ls-tree -l HEAD -- /data/data/com.termux/files/home/.cache/pip/http-v2/4/4/e/5/b/44e5b11a6caa92636d8ccfe658d420ba4ed8f67f7f4e835b214255aa [32ms]
2024-09-24 20:40:33.610 [info] > git check-ignore -v -z --stdin [2ms]
2024-09-24 20:40:36.282 [info] > git ls-tree -l HEAD -- /data/data/com.termux/files/home/.cache/pip/http-v2/4/4/e/5/b/44e5b11a6caa92636d8ccfe658d420ba4ed8f67f7f4e835b214255aa [12ms]
2024-09-24 20:40:37.424 [info] > git config --get commit.template [42ms]
2024-09-24 20:40:37.439 [info] > git for-each-ref --format=%(refname)%00%(upstream:short)%00%(objectname)%00%(upstream:track)%00%(upstream:remotename)%00%(upstream:remoteref) refs/heads/main refs/remotes/main [16ms]
2024-09-24 20:40:37.518 [info] > git status -z -uall [37ms]
2024-09-24 20:40:42.677 [info] > git config --get commit.template [26ms]
2024-09-24 20:40:42.693 [info] > git for-each-ref --format=%(refname)%00%(upstream:short)%00%(objectname)%00%(upstream:track)%00%(upstream:remotename)%00%(upstream:remoteref) refs/heads/main refs/remotes/main [21ms]
2024-09-24 20:40:42.739 [info] > git status -z -uall [21ms]
2024-09-24 20:40:47.892 [info] > git config --get commit.template [38ms]
2024-09-24 20:40:47.912 [info] > git for-each-ref --format=%(refname)%00%(upstream:short)%00%(objectname)%00%(upstream:track)%00%(upstream:remotename)%00%(upstream:remoteref) refs/heads/main refs/remotes/main [23ms]
2024-09-24 20:40:48.002 [info] > git status -z -uall [55ms]
2024-09-24 20:40:48.661 [info] > git check-ignore -v -z --stdin [23ms]
2024-09-24 20:40:49.504 [info] > git check-ignore -v -z --stdin [17ms]
2024-09-24 20:40:53.134 [info] > git config --get commit.template [39ms]
2024-09-24 20:40:53.151 [info] > git for-each-ref --format=%(refname)%00%(upstream:short)%00%(objectname)%00%(upstream:track)%00%(upstream:remotename)%00%(upstream:remoteref) refs/heads/main refs/remotes/main [22ms]
2024-09-24 20:40:53.229 [info] > git status -z -uall [44ms]
2024-09-24 20:40:53.931 [info] > git check-ignore -v -z --stdin [24ms]
2024-09-24 20:40:58.364 [info] > git config --get commit.template [35ms]
2024-09-24 20:40:58.390 [info] > git for-each-ref --format=%(refname)%00%(upstream:short)%00%(objectname)%00%(upstream:track)%00%(upstream:remotename)%00%(upstream:remoteref) refs/heads/main refs/remotes/main [30ms]
2024-09-24 20:40:58.488 [info] > git status -z -uall [62ms]
2024-09-24 20:41:01.040 [info] > git check-ignore -v -z --stdin [14ms]
2024-09-24 20:41:03.611 [info] > git config --get commit.template [28ms]
2024-09-24 20:41:03.622 [info] > git for-each-ref --format=%(refname)%00%(upstream:short)%00%(objectname)%00%(upstream:track)%00%(upstream:remotename)%00%(upstream:remoteref) refs/heads/main refs/remotes/main [11ms]
2024-09-24 20:41:03.693 [info] > git status -z -uall [41ms]
2024-09-24 20:41:04.314 [info] > git check-ignore -v -z --stdin [11ms]
2024-09-24 20:41:08.778 [info] > git config --get commit.template [20ms]
2024-09-24 20:41:08.782 [info] > git for-each-ref --format=%(refname)%00%(upstream:short)%00%(objectname)%00%(upstream:track)%00%(upstream:remotename)%00%(upstream:remoteref) refs/heads/main refs/remotes/main [8ms]
2024-09-24 20:41:08.842 [info] > git status -z -uall [32ms]
2024-09-24 20:41:13.818 [info] > git check-ignore -v -z --stdin [8ms]
2024-09-24 20:41:13.951 [info] > git config --get commit.template [16ms]
2024-09-24 20:41:13.955 [info] > git for-each-ref --format=%(refname)%00%(upstream:short)%00%(objectname)%00%(upstream:track)%00%(upstream:remotename)%00%(upstream:remoteref) refs/heads/main refs/remotes/main [6ms]
2024-09-24 20:41:13.987 [info] > git status -z -uall [21ms]
2024-09-24 20:41:19.061 [info] > git config --get commit.template [20ms]
2024-09-24 20:41:19.067 [info] > git for-each-ref --format=%(refname)%00%(upstream:short)%00%(objectname)%00%(upstream:track)%00%(upstream:remotename)%00%(upstream:remoteref) refs/heads/main refs/remotes/main [6ms]
2024-09-24 20:41:19.095 [info] > git status -z -uall [17ms]
2024-09-24 20:41:24.174 [info] > git config --get commit.template [22ms]
2024-09-24 20:41:24.184 [info] > git for-each-ref --format=%(refname)%00%(upstream:short)%00%(objectname)%00%(upstream:track)%00%(upstream:remotename)%00%(upstream:remoteref) refs/heads/main refs/remotes/main [16ms]
2024-09-24 20:41:24.256 [info] > git status -z -uall [46ms]
2024-09-24 20:41:27.295 [info] > git config --get commit.template [13ms]
2024-09-24 20:41:27.300 [info] > git for-each-ref --format=%(refname)%00%(upstream:short)%00%(objectname)%00%(upstream:track)%00%(upstream:remotename)%00%(upstream:remoteref) refs/heads/main refs/remotes/main [6ms]
2024-09-24 20:41:27.331 [info] > git status -z -uall [19ms]
2024-09-24 20:41:27.396 [info] > git merge-base refs/heads/main refs/remotes/origin/main [20ms]
2024-09-24 20:41:27.445 [info] > git rev-list --count --left-right refs/heads/main...refs/remotes/origin/main [28ms]
2024-09-24 20:41:28.223 [info] > git diff --name-status -z --diff-filter=ADMR 8b172d9ed36a78e276f351349d8566cba8f16530...refs/remotes/origin/main [745ms]
2024-09-24 20:41:28.224 [info] > git merge-base refs/heads/main refs/remotes/origin/main [782ms]
2024-09-24 20:41:28.247 [info] > git rev-list --count --left-right refs/heads/main...refs/remotes/origin/main [12ms]
2024-09-24 20:41:29.432 [info] > git config --get commit.template [24ms]
2024-09-24 20:41:29.448 [info] > git for-each-ref --format=%(refname)%00%(upstream:short)%00%(objectname)%00%(upstream:track)%00%(upstream:remotename)%00%(upstream:remoteref) refs/heads/main refs/remotes/main [18ms]
2024-09-24 20:41:29.511 [info] > git status -z -uall [40ms]
2024-09-24 20:41:34.633 [info] > git config --get commit.template [24ms]
2024-09-24 20:41:34.637 [info] > git for-each-ref --format=%(refname)%00%(upstream:short)%00%(objectname)%00%(upstream:track)%00%(upstream:remotename)%00%(upstream:remoteref) refs/heads/main refs/remotes/main [6ms]
2024-09-24 20:41:34.666 [info] > git status -z -uall [17ms]
2024-09-24 20:41:39.726 [info] > git config --get commit.template [12ms]
2024-09-24 20:41:39.732 [info] > git for-each-ref --format=%(refname)%00%(upstream:short)%00%(objectname)%00%(upstream:track)%00%(upstream:remotename)%00%(upstream:remoteref) refs/heads/main refs/remotes/main [7ms]
2024-09-24 20:41:39.780 [info] > git status -z -uall [31ms]
2024-09-24 20:41:41.811 [info] > git add -A -- . [377ms]
2024-09-24 20:41:41.814 [info] error: 'html/' does not have a commit checked out
fatal: adding files failed
2024-09-24 20:41:41.875 [info] > git config --get commit.template [22ms]
2024-09-24 20:41:41.886 [info] > git for-each-ref --format=%(refname)%00%(upstream:short)%00%(objectname)%00%(upstream:track)%00%(upstream:remotename)%00%(upstream:remoteref) refs/heads/main refs/remotes/main [14ms]
2024-09-24 20:41:41.948 [info] > git status -z -uall [41ms]
2024-09-24 20:41:44.914 [info] > git config --get commit.template [43ms]
2024-09-24 20:41:44.923 [info] > git for-each-ref --format=%(refname)%00%(upstream:short)%00%(objectname)%00%(upstream:track)%00%(upstream:remotename)%00%(upstream:remoteref) refs/heads/main refs/remotes/main [13ms]
2024-09-24 20:41:44.987 [info] > git status -z -uall [39ms]
2024-09-24 20:41:50.089 [info] > git config --get commit.template [14ms]
2024-09-24 20:41:50.095 [info] > git for-each-ref --format=%(refname)%00%(upstream:short)%00%(objectname)%00%(upstream:track)%00%(upstream:remotename)%00%(upstream:remoteref) refs/heads/main refs/remotes/main [8ms]
2024-09-24 20:41:50.125 [info] > git status -z -uall [18ms]
2024-09-24 20:41:55.235 [info] > git config --get commit.template [26ms]
2024-09-24 20:41:55.254 [info] > git for-each-ref --format=%(refname)%00%(upstream:short)%00%(objectname)%00%(upstream:track)%00%(upstream:remotename)%00%(upstream:remoteref) refs/heads/main refs/remotes/main [23ms]
2024-09-24 20:41:55.321 [info] > git status -z -uall [45ms]
2024-09-24 20:42:00.463 [info] > git config --get commit.template [41ms]
2024-09-24 20:42:00.471 [info] > git for-each-ref --format=%(refname)%00%(upstream:short)%00%(objectname)%00%(upstream:track)%00%(upstream:remotename)%00%(upstream:remoteref) refs/heads/main refs/remotes/main [14ms]
2024-09-24 20:42:00.549 [info] > git status -z -uall [42ms]
2024-09-24 20:42:05.711 [info] > git config --get commit.template [31ms]
2024-09-24 20:42:05.714 [info] > git for-each-ref --format=%(refname)%00%(upstream:short)%00%(objectname)%00%(upstream:track)%00%(upstream:remotename)%00%(upstream:remoteref) refs/heads/main refs/remotes/main [8ms]
2024-09-24 20:42:05.759 [info] > git status -z -uall [21ms]
2024-09-24 20:42:10.897 [info] > git config --get commit.template [31ms]
2024-09-24 20:42:10.911 [info] > git for-each-ref --format=%(refname)%00%(upstream:short)%00%(objectname)%00%(upstream:track)%00%(upstream:remotename)%00%(upstream:remoteref) refs/heads/main refs/remotes/main [16ms]
2024-09-24 20:42:10.971 [info] > git status -z -uall [40ms]
2024-09-24 20:42:16.129 [info] > git config --get commit.template [40ms]
2024-09-24 20:42:16.144 [info] > git for-each-ref --format=%(refname)%00%(upstream:short)%00%(objectname)%00%(upstream:track)%00%(upstream:remotename)%00%(upstream:remoteref) refs/heads/main refs/remotes/main [17ms]
2024-09-24 20:42:16.216 [info] > git status -z -uall [38ms]
2024-09-24 20:42:17.241 [info] > git show --textconv :website/app.py [39ms]
2024-09-24 20:42:17.271 [info] > git ls-files --stage -- /data/data/com.termux/files/home/website/app.py [36ms]
2024-09-24 20:42:21.394 [info] > git config --get commit.template [47ms]
2024-09-24 20:42:21.405 [info] > git for-each-ref --format=%(refname)%00%(upstream:short)%00%(objectname)%00%(upstream:track)%00%(upstream:remotename)%00%(upstream:remoteref) refs/heads/main refs/remotes/main [14ms]
2024-09-24 20:42:21.483 [info] > git status -z -uall [41ms]
2024-09-24 20:42:26.653 [info] > git config --get commit.template [21ms]
2024-09-24 20:42:26.672 [info] > git for-each-ref --format=%(refname)%00%(upstream:short)%00%(objectname)%00%(upstream:track)%00%(upstream:remotename)%00%(upstream:remoteref) refs/heads/main refs/remotes/main [22ms]
2024-09-24 20:42:26.736 [info] > git status -z -uall [41ms]
2024-09-24 20:42:31.900 [info] > git config --get commit.template [39ms]
2024-09-24 20:42:31.915 [info] > git for-each-ref --format=%(refname)%00%(upstream:short)%00%(objectname)%00%(upstream:track)%00%(upstream:remotename)%00%(upstream:remoteref) refs/heads/main refs/remotes/main [16ms]
2024-09-24 20:42:31.987 [info] > git status -z -uall [37ms]
2024-09-24 20:42:35.067 [info] > git add -A -- . [309ms]
2024-09-24 20:42:35.068 [info] error: 'html/' does not have a commit checked out
fatal: adding files failed
2024-09-24 20:42:35.165 [info] > git config --get commit.template [44ms]
2024-09-24 20:42:35.172 [info] > git for-each-ref --format=%(refname)%00%(upstream:short)%00%(objectname)%00%(upstream:track)%00%(upstream:remotename)%00%(upstream:remoteref) refs/heads/main refs/remotes/main [13ms]
2024-09-24 20:42:35.246 [info] > git status -z -uall [39ms]
2024-09-24 20:42:37.177 [info] > git config --get commit.template [42ms]
2024-09-24 20:42:37.184 [info] > git for-each-ref --format=%(refname)%00%(upstream:short)%00%(objectname)%00%(upstream:track)%00%(upstream:remotename)%00%(upstream:remoteref) refs/heads/main refs/remotes/main [13ms]
2024-09-24 20:42:37.258 [info] > git status -z -uall [39ms]
2024-09-24 20:42:42.419 [info] > git config --get commit.template [21ms]
2024-09-24 20:42:42.427 [info] > git for-each-ref --format=%(refname)%00%(upstream:short)%00%(objectname)%00%(upstream:track)%00%(upstream:remotename)%00%(upstream:remoteref) refs/heads/main refs/remotes/main [9ms]
2024-09-24 20:42:42.487 [info] > git status -z -uall [34ms]
2024-09-24 20:42:47.616 [info] > git config --get commit.template [29ms]
2024-09-24 20:42:47.627 [info] > git for-each-ref --format=%(refname)%00%(upstream:short)%00%(objectname)%00%(upstream:track)%00%(upstream:remotename)%00%(upstream:remoteref) refs/heads/main refs/remotes/main [15ms]
2024-09-24 20:42:47.688 [info] > git status -z -uall [38ms]
2024-09-24 20:42:52.838 [info] > git config --get commit.template [32ms]
2024-09-24 20:42:52.843 [info] > git for-each-ref --format=%(refname)%00%(upstream:short)%00%(objectname)%00%(upstream:track)%00%(upstream:remotename)%00%(upstream:remoteref) refs/heads/main refs/remotes/main [8ms]
2024-09-24 20:42:52.934 [info] > git status -z -uall [59ms]
2024-09-24 20:42:58.041 [info] > git config --get commit.template [27ms]
2024-09-24 20:42:58.054 [info] > git for-each-ref --format=%(refname)%00%(upstream:short)%00%(objectname)%00%(upstream:track)%00%(upstream:remotename)%00%(upstream:remoteref) refs/heads/main refs/remotes/main [17ms]
2024-09-24 20:42:58.104 [info] > git status -z -uall [26ms]
2024-09-24 20:43:02.990 [info] > git add -A -- /data/data/com.termux/files/home/.Game /data/data/com.termux/files/home/.bash_history /data/data/com.termux/files/home/.bashrc /data/data/com.termux/files/home/.cache/pip/http-v2/0/4/1/8/c/0418c83b80f7f7bfaec2738bfbbee53d2c1562196c0781702f6eddc8 /data/data/com.termux/files/home/.cache/pip/http-v2/0/4/1/8/c/0418c83b80f7f7bfaec2738bfbbee53d2c1562196c0781702f6eddc8.body /data/data/com.termux/files/home/.cache/pip/http-v2/0/4/9/1/3/04913e6ed91046ac58c7318fa4680857b7e130fee9f1428aea5245fb /data/data/com.termux/files/home/.cache/pip/http-v2/0/4/9/1/3/04913e6ed91046ac58c7318fa4680857b7e130fee9f1428aea5245fb.body /data/data/com.termux/files/home/.cache/pip/http-v2/0/5/4/8/a/0548ad9355a421ef6b75925de6aac90258cb93cdb507fc8d95382ffa /data/data/com.termux/files/home/.cache/pip/http-v2/0/5/4/8/a/0548ad9355a421ef6b75925de6aac90258cb93cdb507fc8d95382ffa.body /data/data/com.termux/files/home/.cache/pip/http-v2/0/8/1/8/d/0818db4c0d39b2a0e300556fe3adbe7aac58a104e3146794ae006c45 /data/data/com.termux/files/home/.cache/pip/http-v2/0/8/1/8/d/0818db4c0d39b2a0e300556fe3adbe7aac58a104e3146794ae006c45.body /data/data/com.termux/files/home/.cache/pip/http-v2/0/8/9/9/1/0899184911bc04e57cc9ccd7a7e919825b3f1696ecd17a6f42ea981c /data/data/com.termux/files/home/.cache/pip/http-v2/0/8/9/9/1/0899184911bc04e57cc9ccd7a7e919825b3f1696ecd17a6f42ea981c.body /data/data/com.termux/files/home/.cache/pip/http-v2/0/d/c/f/c/0dcfcebd7cf180fa88e0c3271b01638b8569188f6182d9c5ea9cca3c /data/data/com.termux/files/home/.cache/pip/http-v2/0/d/c/f/c/0dcfcebd7cf180fa88e0c3271b01638b8569188f6182d9c5ea9cca3c.body /data/data/com.termux/files/home/.cache/pip/http-v2/1/5/a/f/2/15af24b39f3d2312c99edfe112fb867834b1c7df1bce2eabada4bf18 /data/data/com.termux/files/home/.cache/pip/http-v2/1/5/a/f/2/15af24b39f3d2312c99edfe112fb867834b1c7df1bce2eabada4bf18.body /data/data/com.termux/files/home/.cache/pip/http-v2/1/8/6/3/f/1863f12e00c517909e183a0eff4cfc11d3319dce75bf4e1035838ddf /data/data/com.termux/files/home/.cache/pip/http-v2/1/8/6/3/f/1863f12e00c517909e183a0eff4cfc11d3319dce75bf4e1035838ddf.body /data/data/com.termux/files/home/.cache/pip/http-v2/1/e/6/f/2/1e6f2fa1119d47b853219feb91c3867d411e0c8c02476d1e769171e8 /data/data/com.termux/files/home/.cache/pip/http-v2/1/e/6/f/2/1e6f2fa1119d47b853219feb91c3867d411e0c8c02476d1e769171e8.body /data/data/com.termux/files/home/.cache/pip/http-v2/1/e/d/d/9/1edd96587522f96f89da9b5cd199f5e520727a2048e3f4a7152674b2 /data/data/com.termux/files/home/.cache/pip/http-v2/1/e/d/d/9/1edd96587522f96f89da9b5cd199f5e520727a2048e3f4a7152674b2.body /data/data/com.termux/files/home/.cache/pip/http-v2/2/0/1/c/f/201cfecff7dfec815e95834c6faa15cb5c9fe16a1ee6050aabeb620b /data/data/com.termux/files/home/.cache/pip/http-v2/2/0/1/c/f/201cfecff7dfec815e95834c6faa15cb5c9fe16a1ee6050aabeb620b.body /data/data/com.termux/files/home/.cache/pip/http-v2/2/1/5/3/0/21530619f5c4963265779a08a82f89b7fa9994b3703716b06b233f35 /data/data/com.termux/files/home/.cache/pip/http-v2/2/1/5/3/0/21530619f5c4963265779a08a82f89b7fa9994b3703716b06b233f35.body /data/data/com.termux/files/home/.cache/pip/http-v2/2/2/6/e/2/226e20ef37baae18486c4b142f19362b0176ef112b8135637169c623 /data/data/com.termux/files/home/.cache/pip/http-v2/2/2/6/e/2/226e20ef37baae18486c4b142f19362b0176ef112b8135637169c623.body /data/data/com.termux/files/home/.cache/pip/http-v2/2/2/d/1/5/22d15b0736f40a514423b05740ce9f07a3c392e004717b39c667e0ad /data/data/com.termux/files/home/.cache/pip/http-v2/2/2/d/1/5/22d15b0736f40a514423b05740ce9f07a3c392e004717b39c667e0ad.body /data/data/com.termux/files/home/.cache/pip/http-v2/2/8/e/b/5/28eb5bdc94276711b49c9de1c516fcfcce39c048e7c83800ce65f30e /data/data/com.termux/files/home/.cache/pip/http-v2/2/8/e/b/5/28eb5bdc94276711b49c9de1c516fcfcce39c048e7c83800ce65f30e.body /data/data/com.termux/files/home/.cache/pip/http-v2/2/a/e/4/0/2ae401fb63ef792c640eb54191c4debf400819b4846dda7775461d44 /data/data/com.termux/files/home/.cache/pip/http-v2/2/a/e/4/0/2ae401fb63ef792c640eb54191c4debf400819b4846dda7775461d44.body /data/data/com.termux/files/home/.cache/pip/http-v2/2/b/0/5/8/2b05857095883dc1085240bfe9451ea8fbfdd4799a88b1a3f463a11a /data/data/com.termux/files/home/.cache/pip/http-v2/2/b/0/5/8/2b05857095883dc1085240bfe9451ea8fbfdd4799a88b1a3f463a11a.body /data/data/com.termux/files/home/.cache/pip/http-v2/2/b/0/e/a/2b0ea3856f2d26c9e23e80d2906ed8c85c0aa2ebdede06c6edb57ebe /data/data/com.termux/files/home/.cache/pip/http-v2/2/b/0/e/a/2b0ea3856f2d26c9e23e80d2906ed8c85c0aa2ebdede06c6edb57ebe.body /data/data/com.termux/files/home/.cache/pip/http-v2/2/d/0/7/5/2d0751a145bd51616f53b67a1dfad43b05cdaa0aeef56e5aaf84fdba /data/data/com.termux/files/home/.cache/pip/http-v2/2/d/0/7/5/2d0751a145bd51616f53b67a1dfad43b05cdaa0aeef56e5aaf84fdba.body /data/data/com.termux/files/home/.cache/pip/http-v2/2/e/2/d/8/2e2d841f57ca6a43dfc96af93374304dda5b757176df2cce7ca2b18d /data/data/com.termux/files/home/.cache/pip/http-v2/2/e/2/d/8/2e2d841f57ca6a43dfc96af93374304dda5b757176df2cce7ca2b18d.body /data/data/com.termux/files/home/.cache/pip/http-v2/2/f/9/7/7/2f97706418d48b96e77cdfb761561fc59c729e7701c78f9a204d1d82 /data/data/com.termux/files/home/.cache/pip/http-v2/2/f/9/7/7/2f97706418d48b96e77cdfb761561fc59c729e7701c78f9a204d1d82.body /data/data/com.termux/files/home/.cache/pip/http-v2/3/2/d/1/5/32d15b3fc2018746f8b5dfcb6aa55f4819e634d193d6a41c2e175e0f /data/data/com.termux/files/home/.cache/pip/http-v2/3/2/d/1/5/32d15b3fc2018746f8b5dfcb6aa55f4819e634d193d6a41c2e175e0f.body /data/data/com.termux/files/home/.cache/pip/http-v2/4/3/e/6/c/43e6c5cd02672da54e928b46933faff8f0ae8a43e0347c97c3a41413 /data/data/com.termux/files/home/.cache/pip/http-v2/4/3/e/6/c/43e6c5cd02672da54e928b46933faff8f0ae8a43e0347c97c3a41413.body /data/data/com.termux/files/home/.cache/pip/http-v2/4/4/e/5/b/44e5b11a6caa92636d8ccfe658d420ba4ed8f67f7f4e835b214255aa /data/data/com.termux/files/home/.cache/pip/http-v2/4/4/e/5/b/44e5b11a6caa92636d8ccfe658d420ba4ed8f67f7f4e835b214255aa.body /data/data/com.termux/files/home/.cache/pip/http-v2/4/5/9/7/6/45976c194ebb9180bf7410d422bcad653ce13bcb64dda0d07d72b09d /data/data/com.termux/files/home/.cache/pip/http-v2/4/5/9/7/6/45976c194ebb9180bf7410d422bcad653ce13bcb64dda0d07d72b09d.body /data/data/com.termux/files/home/.cache/pip/http-v2/4/d/2/7/2/4d272e6453941ce8b0a37a02cdb1685fc612c33441fa74691fb40656 /data/data/com.termux/files/home/.cache/pip/http-v2/4/d/2/7/2/4d272e6453941ce8b0a37a02cdb1685fc612c33441fa74691fb40656.body /data/data/com.termux/files/home/.cache/pip/http-v2/5/3/b/1/3/53b137737cf0c2dd424aa719ff7d2292115029076505dc750f04d52a /data/data/com.termux/files/home/.cache/pip/http-v2/5/3/b/1/3/53b137737cf0c2dd424aa719ff7d2292115029076505dc750f04d52a.body /data/data/com.termux/files/home/.cache/pip/http-v2/5/4/7/6/a/5476a143dce6084b405e3a177fcc1d99bfdd7f39750c5fddae7115c3 /data/data/com.termux/files/home/.cache/pip/http-v2/5/4/7/6/a/5476a143dce6084b405e3a177fcc1d99bfdd7f39750c5fddae7115c3.body /data/data/com.termux/files/home/.cache/pip/http-v2/5/a/c/0/4/5ac04ba59c2b562d16e87fee236f0cc53e0d88d3c6879cead59c9aa4 /data/data/com.termux/files/home/.cache/pip/http-v2/5/a/c/0/4/5ac04ba59c2b562d16e87fee236f0cc53e0d88d3c6879cead59c9aa4.body /data/data/com.termux/files/home/.cache/pip/http-v2/5/f/8/a/2/5f8a2a0e80c75ec5c7c42d67a896a1859fd659ceb38d3cf58db163b3 /data/data/com.termux/files/home/.cache/pip/http-v2/5/f/8/a/2/5f8a2a0e80c75ec5c7c42d67a896a1859fd659ceb38d3cf58db163b3.body /data/data/com.termux/files/home/.cache/pip/http-v2/6/8/0/d/4/680d4dd80dc6a3d2df9b9478dfcc8e81e0e4f130e154a3268b98b877 /data/data/com.termux/files/home/.cache/pip/http-v2/6/8/0/d/4/680d4dd80dc6a3d2df9b9478dfcc8e81e0e4f130e154a3268b98b877.body /data/data/com.termux/files/home/.cache/pip/http-v2/6/8/1/f/4/681f47f5e78d74219fba37d0f09e9d0800b8f0b35851037d7081c26a /data/data/com.termux/files/home/.cache/pip/http-v2/6/8/1/f/4/681f47f5e78d74219fba37d0f09e9d0800b8f0b35851037d7081c26a.body /data/data/com.termux/files/home/.cache/pip/http-v2/6/a/9/0/5/6a905715bf0cb72b85cfb6146840de82a3d077c8554dfa24bcf75504 /data/data/com.termux/files/home/.cache/pip/http-v2/6/a/9/0/5/6a905715bf0cb72b85cfb6146840de82a3d077c8554dfa24bcf75504.body /data/data/com.termux/files/home/.cache/pip/http-v2/6/e/c/d/d/6ecdd743e6b5f3d734d62cae339244bee5b1f041e5e9cf51d098cb1f /data/data/com.termux/files/home/.cache/pip/http-v2/6/e/c/d/d/6ecdd743e6b5f3d734d62cae339244bee5b1f041e5e9cf51d098cb1f.body /data/data/com.termux/files/home/.cache/pip/http-v2/7/f/1/3/4/7f134966aea71cee3f828ec6486d99df29263370ebd63521989935f6 /data/data/com.termux/files/home/.cache/pip/http-v2/7/f/1/3/4/7f134966aea71cee3f828ec6486d99df29263370ebd63521989935f6.body /data/data/com.termux/files/home/.cache/pip/http-v2/7/f/7/9/d/7f79dda9fd106dc7c6a7a6f8f4744de9ff1973d3ef4f47c8ee7dab58 /data/data/com.termux/files/home/.cache/pip/http-v2/7/f/7/9/d/7f79dda9fd106dc7c6a7a6f8f4744de9ff1973d3ef4f47c8ee7dab58.body /data/data/com.termux/files/home/.cache/pip/http-v2/7/f/9/1/8/7f91899b7af34583c55050989ecd0bb927609f0e0b1c54b05dd4d69f /data/data/com.termux/files/home/.cache/pip/http-v2/7/f/9/1/8/7f91899b7af34583c55050989ecd0bb927609f0e0b1c54b05dd4d69f.body /data/data/com.termux/files/home/.cache/pip/http-v2/8/5/3/8/5/85385fd8a53d3d88ac67db4bf015be7ba931f024227668d42969ea92 /data/data/com.termux/files/home/.cache/pip/http-v2/8/5/3/8/5/85385fd8a53d3d88ac67db4bf015be7ba931f024227668d42969ea92.body /data/data/com.termux/files/home/.cache/pip/http-v2/8/7/5/a/3/875a3e587c5b222354f5eb2dbae0cf6a54681df802f32e6f407eaac6 /data/data/com.termux/files/home/.cache/pip/http-v2/8/7/5/a/3/875a3e587c5b222354f5eb2dbae0cf6a54681df802f32e6f407eaac6.body /data/data/com.termux/files/home/.cache/pip/http-v2/8/a/c/4/d/8ac4d14dc45e27d21da49fb515570b6f875b78707de9b08ce1088d1b /data/data/com.termux/files/home/.cache/pip/http-v2/8/a/c/4/d/8ac4d14dc45e27d21da49fb515570b6f875b78707de9b08ce1088d1b.body /data/data/com.termux/files/home/.cache/pip/http-v2/8/c/3/e/c/8c3ecf585c815a73af16247323d407e99afb8fdc40cee3542187ad49 /data/data/com.termux/files/home/.cache/pip/http-v2/8/c/3/e/c/8c3ecf585c815a73af16247323d407e99afb8fdc40cee3542187ad49.body /data/data/com.termux/files/home/.cache/pip/http-v2/8/c/f/8/b/8cf8b12abda5a5efb253081875eded2e1f9bbd789ea23523ccc164a7 /data/data/com.termux/files/home/.cache/pip/http-v2/8/c/f/8/b/8cf8b12abda5a5efb253081875eded2e1f9bbd789ea23523ccc164a7.body /data/data/com.termux/files/home/.cache/pip/http-v2/8/d/6/1/4/8d61401de827010c13fb79ea050e004fa6bfa80d9235beaf5f7bc034 /data/data/com.termux/files/home/.cache/pip/http-v2/8/d/6/1/4/8d61401de827010c13fb79ea050e004fa6bfa80d9235beaf5f7bc034.body /data/data/com.termux/files/home/.cache/pip/http-v2/8/f/0/a/d/8f0ad583652318494c12da41e4d30ff6225ec73d448a0754a0a7e898 /data/data/com.termux/files/home/.cache/pip/http-v2/8/f/0/a/d/8f0ad583652318494c12da41e4d30ff6225ec73d448a0754a0a7e898.body /data/data/com.termux/files/home/.cache/pip/http-v2/9/4/5/2/4/9452417670b2e75527d793717779fce5d54e5f21adb3344c273876fa /data/data/com.termux/files/home/.cache/pip/http-v2/9/4/5/2/4/9452417670b2e75527d793717779fce5d54e5f21adb3344c273876fa.body /data/data/com.termux/files/home/.cache/pip/http-v2/9/5/7/1/f/9571f8542329bd87703ab63b44d50748c8d497f2e9f85d1f4c7f46e3 /data/data/com.termux/files/home/.cache/pip/http-v2/9/5/7/1/f/9571f8542329bd87703ab63b44d50748c8d497f2e9f85d1f4c7f46e3.body /data/data/com.termux/files/home/.cache/pip/http-v2/9/c/c/6/9/9cc6939c61442ece13bdcac1a4f63ac9be8b2e7a5a8148e85ca678e2 /data/data/com.termux/files/home/.cache/pip/http-v2/9/c/c/6/9/9cc6939c61442ece13bdcac1a4f63ac9be8b2e7a5a8148e85ca678e2.body /data/data/com.termux/files/home/.cache/pip/http-v2/9/c/d/1/e/9cd1ef0ae55d89faa383628b5a9943643bee288278eaaa520efa1c2a /data/data/com.termux/files/home/.cache/pip/http-v2/9/c/d/1/e/9cd1ef0ae55d89faa383628b5a9943643bee288278eaaa520efa1c2a.body /data/data/com.termux/files/home/.cache/pip/http-v2/a/2/b/7/a/a2b7a5c64288e1964d7b655db7f7aaf4d884d82db70a93aa2aab4a39 /data/data/com.termux/files/home/.cache/pip/http-v2/a/2/b/7/a/a2b7a5c64288e1964d7b655db7f7aaf4d884d82db70a93aa2aab4a39.body /data/data/com.termux/files/home/.cache/pip/http-v2/a/4/a/1/7/a4a1745b1bd247e97bf213df03a4c98d1e4b7fcc93947e7526f6b56d /data/data/com.termux/files/home/.cache/pip/http-v2/a/4/a/1/7/a4a1745b1bd247e97bf213df03a4c98d1e4b7fcc93947e7526f6b56d.body /data/data/com.termux/files/home/.cache/pip/http-v2/a/6/2/5/0/a6250bde859b12a863dc9f07a51a78d78acd30c600088dc4aea70d8b /data/data/com.termux/files/home/.cache/pip/http-v2/a/6/2/5/0/a6250bde859b12a863dc9f07a51a78d78acd30c600088dc4aea70d8b.body /data/data/com.termux/files/home/.cache/pip/http-v2/a/6/6/2/d/a662d1daeedeb01af4119a7cf5757c42abf1d8680ee41146a58775a1 /data/data/com.termux/files/home/.cache/pip/http-v2/a/6/6/2/d/a662d1daeedeb01af4119a7cf5757c42abf1d8680ee41146a58775a1.body /data/data/com.termux/files/home/.cache/pip/http-v2/a/7/b/9/f/a7b9f3eccc0f8e5d84788db6a659fa37e6c84c877b3064b4ca78aeeb /data/data/com.termux/files/home/.cache/pip/http-v2/a/7/b/9/f/a7b9f3eccc0f8e5d84788db6a659fa37e6c84c877b3064b4ca78aeeb.body /data/data/com.termux/files/home/.cache/pip/http-v2/a/7/c/b/8/a7cb89b162bef409dad2b44a68d316a3f74cd0cbd61ee12dd7e14897 /data/data/com.termux/files/home/.cache/pip/http-v2/a/7/c/b/8/a7cb89b162bef409dad2b44a68d316a3f74cd0cbd61ee12dd7e14897.body /data/data/com.termux/files/home/.cache/pip/http-v2/a/c/3/7/e/ac37e4d62e1889334fd883f1d430e007bb464bc912b9ed2ee66975af /data/data/com.termux/files/home/.cache/pip/http-v2/a/c/3/7/e/ac37e4d62e1889334fd883f1d430e007bb464bc912b9ed2ee66975af.body /data/data/com.termux/files/home/.cache/pip/http-v2/a/f/a/d/8/afad867c8760ad4d220c2c62496e33394bfb09678c01414bd3c20297 /data/data/com.termux/files/home/.cache/pip/http-v2/a/f/a/d/8/afad867c8760ad4d220c2c62496e33394bfb09678c01414bd3c20297.body /data/data/com.termux/files/home/.cache/pip/http-v2/b/b/b/6/2/bbb623d3afaeb632b8c238e5578f28d41d167011fb5d989ccab8b902 /data/data/com.termux/files/home/.cache/pip/http-v2/b/b/b/6/2/bbb623d3afaeb632b8c238e5578f28d41d167011fb5d989ccab8b902.body /data/data/com.termux/files/home/.cache/pip/http-v2/b/e/f/f/8/beff89aaee76a16081d24f544c15a10f1eb1032f92f3423ab0d77c86 /data/data/com.termux/files/home/.cache/pip/http-v2/b/e/f/f/8/beff89aaee76a16081d24f544c15a10f1eb1032f92f3423ab0d77c86.body /data/data/com.termux/files/home/.cache/pip/http-v2/c/0/b/1/8/c0b189c21493ac131f0dd980c301012ccdcdf80d500d85eca570b41c /data/data/com.termux/files/home/.cache/pip/http-v2/c/0/b/1/8/c0b189c21493ac131f0dd980c301012ccdcdf80d500d85eca570b41c.body /data/data/com.termux/files/home/.cache/pip/http-v2/c/3/6/d/a/c36da7c3726019e80a5006277e161f3fb72ae242c8c189cc93db58b5 /data/data/com.termux/files/home/.cache/pip/http-v2/c/3/6/d/a/c36da7c3726019e80a5006277e161f3fb72ae242c8c189cc93db58b5.body /data/data/com.termux/files/home/.cache/pip/http-v2/c/d/0/6/e/cd06e6cde5bb04450e5f3710c4c5c9fe4fc843a2b40812452ca667cd /data/data/com.termux/files/home/.cache/pip/http-v2/c/d/0/6/e/cd06e6cde5bb04450e5f3710c4c5c9fe4fc843a2b40812452ca667cd.body /data/data/com.termux/files/home/.cache/pip/http-v2/c/d/6/0/d/cd60de26b5c99a8064df56c2a3888451ddcd34abbeeb720d610dfdaf /data/data/com.termux/files/home/.cache/pip/http-v2/c/d/6/0/d/cd60de26b5c99a8064df56c2a3888451ddcd34abbeeb720d610dfdaf.body /data/data/com.termux/files/home/.cache/pip/http-v2/c/d/a/7/5/cda751f6c743331234a8f7f43973cd3f741f78d1547c5ce6ededf657 /data/data/com.termux/files/home/.cache/pip/http-v2/c/d/a/7/5/cda751f6c743331234a8f7f43973cd3f741f78d1547c5ce6ededf657.body /data/data/com.termux/files/home/.cache/pip/http-v2/d/4/2/f/e/d42feb70e8a1cb6444b063102f3571fb0b7aedc834598d2805d583ce /data/data/com.termux/files/home/.cache/pip/http-v2/d/4/2/f/e/d42feb70e8a1cb6444b063102f3571fb0b7aedc834598d2805d583ce.body /data/data/com.termux/files/home/.cache/pip/http-v2/d/5/1/4/b/d514b98a725deb71c8fc23323fd493d97a69e40c8f2553fc802f2198 /data/data/com.termux/files/home/.cache/pip/http-v2/d/5/1/4/b/d514b98a725deb71c8fc23323fd493d97a69e40c8f2553fc802f2198.body /data/data/com.termux/files/home/.cache/pip/http-v2/d/6/a/5/d/d6a5d0856a7e93554e8be85cae6a61e3c3d38bd36521d22d8c0dc50e /data/data/com.termux/files/home/.cache/pip/http-v2/d/6/a/5/d/d6a5d0856a7e93554e8be85cae6a61e3c3d38bd36521d22d8c0dc50e.body /data/data/com.termux/files/home/.cache/pip/http-v2/d/7/f/0/d/d7f0dda280799afe66094d27a8f0d981d0622ecf9ff2098705b75569 /data/data/com.termux/files/home/.cache/pip/http-v2/d/7/f/0/d/d7f0dda280799afe66094d27a8f0d981d0622ecf9ff2098705b75569.body /data/data/com.termux/files/home/.cache/pip/http-v2/d/a/e/7/9/dae791c7e7f37ceeed2b1136e4c2fe2f795c6645ab088d6588854fe7 /data/data/com.termux/files/home/.cache/pip/http-v2/d/a/e/7/9/dae791c7e7f37ceeed2b1136e4c2fe2f795c6645ab088d6588854fe7.body /data/data/com.termux/files/home/.cache/pip/http-v2/d/d/1/8/4/dd184d596866b2fadd0149d1dce87ed0a975ba1f0cc13f07ce3a95ac /data/data/com.termux/files/home/.cache/pip/http-v2/d/d/1/8/4/dd184d596866b2fadd0149d1dce87ed0a975ba1f0cc13f07ce3a95ac.body /data/data/com.termux/files/home/.cache/pip/http-v2/d/f/b/0/1/dfb01473a0c6643a17aa53ed6dde70bc7040759ecbd5162e09026156 /data/data/com.termux/files/home/.cache/pip/http-v2/d/f/b/0/1/dfb01473a0c6643a17aa53ed6dde70bc7040759ecbd5162e09026156.body /data/data/com.termux/files/home/.cache/pip/http-v2/e/0/9/8/6/e09860777d5ef9f86c9edfbd63183f9bcbef021c515f333d320741a6 /data/data/com.termux/files/home/.cache/pip/http-v2/e/0/9/8/6/e09860777d5ef9f86c9edfbd63183f9bcbef021c515f333d320741a6.body /data/data/com.termux/files/home/.cache/pip/http-v2/e/2/0/7/4/e207426cbcf220918fdf354826064190a066f96cd6ad8830f1f11fdc /data/data/com.termux/files/home/.cache/pip/http-v2/e/2/0/7/4/e207426cbcf220918fdf354826064190a066f96cd6ad8830f1f11fdc.body /data/data/com.termux/files/home/.cache/pip/http-v2/e/3/d/d/b/e3ddbd53c621713e23c0728f3285188343d8f43583bdc24de55dca7e /data/data/com.termux/files/home/.cache/pip/http-v2/e/3/d/d/b/e3ddbd53c621713e23c0728f3285188343d8f43583bdc24de55dca7e.body /data/data/com.termux/files/home/.cache/pip/http-v2/e/9/6/4/e/e964e921afaabafc321b63e610b1bda63b52149ea808d29094a90b43 /data/data/com.termux/files/home/.cache/pip/http-v2/e/9/6/4/e/e964e921afaabafc321b63e610b1bda63b52149ea808d29094a90b43.body /data/data/com.termux/files/home/.cache/pip/http-v2/f/0/b/2/0/f0b20484b36f745bb1296ab576103b6d854a6e90bfe9c735cc95efa9 /data/data/com.termux/files/home/.cache/pip/http-v2/f/0/b/2/0/f0b20484b36f745bb1296ab576103b6d854a6e90bfe9c735cc95efa9.body /data/data/com.termux/files/home/.cache/pip/wheels/3d/4b/5e/a0da96548ef767546e312e01e5b7186548fb07492bdc9a90d8/greenlet-3.1.0-cp311-cp311-linux_aarch64.whl /data/data/com.termux/files/home/.cache/pip/wheels/3d/4b/5e/a0da96548ef767546e312e01e5b7186548fb07492bdc9a90d8/origin.json /data/data/com.termux/files/home/.cache/pip/wheels/3d/84/07/8ba7078cd96f7a60060fa36876e5af5fc9f4a4b01d98098afd/lolcat-1.4-py3-none-any.whl /data/data/com.termux/files/home/.cache/pip/wheels/3d/84/07/8ba7078cd96f7a60060fa36876e5af5fc9f4a4b01d98098afd/origin.json /data/data/com.termux/files/home/.cache/pip/wheels/6d/eb/a5/82b178b683b6dc068c2eb7b38fc35ebc7ea378b5faad3d1326/MarkupSafe-2.1.5-cp311-cp311-linux_aarch64.whl /data/data/com.termux/files/home/.cache/pip/wheels/6d/eb/a5/82b178b683b6dc068c2eb7b38fc35ebc7ea378b5faad3d1326/origin.json /data/data/com.termux/files/home/.cache/pip/wheels/6f/aa/3b/d5d3d63c0ef793cf33a247ff8635d3fae44e40a38d667a2b27/origin.json /data/data/com.termux/files/home/.cache/pip/wheels/6f/aa/3b/d5d3d63c0ef793cf33a247ff8635d3fae44e40a38d667a2b27/pyttsx-1.1-py3-none-any.whl /data/data/com.termux/files/home/.config/code-server/config.yaml /data/data/com.termux/files/home/.config/fish/config.fish /data/data/com.termux/files/home/.config/fish/fish_variables /data/data/com.termux/files/home/.config/pulse/cookie /data/data/com.termux/files/home/.config/pulse/df3ce27458b6c1972f9d63f266cb4d57-card-database.simple /data/data/com.termux/files/home/.config/pulse/df3ce27458b6c1972f9d63f266cb4d57-default-sink /data/data/com.termux/files/home/.config/pulse/df3ce27458b6c1972f9d63f266cb4d57-default-source /data/data/com.termux/files/home/.config/pulse/df3ce27458b6c1972f9d63f266cb4d57-device-volumes.simple /data/data/com.termux/files/home/.config/pulse/df3ce27458b6c1972f9d63f266cb4d57-runtime /data/data/com.termux/files/home/.config/pulse/df3ce27458b6c1972f9d63f266cb4d57-stream-volumes.simple /data/data/com.termux/files/home/.gitconfig /data/data/com.termux/files/home/.lesshst /data/data/com.termux/files/home/.local/share/code-server/CachedExtensionVSIXs/13xforever.language-x86-64-assembly-3.1.4-universal /data/data/com.termux/files/home/.local/share/code-server/CachedExtensionVSIXs/franneck94.vscode-c-cpp-dev-extension-pack-0.10.0-universal /data/data/com.termux/files/home/.local/share/code-server/CachedExtensionVSIXs/jeff-hykin.better-cpp-syntax-1.27.1-universal /data/data/com.termux/files/home/.local/share/code-server/CachedProfilesData/__default__profile__/extensions.builtin.cache /data/data/com.termux/files/home/.local/share/code-server/CachedProfilesData/__default__profile__/extensions.user.cache /data/data/com.termux/files/home/.local/share/code-server/User/History/-35e352b/4ARf.json /data/data/com.termux/files/home/.local/share/code-server/User/History/-35e352b/Yo32.json /data/data/com.termux/files/home/.local/share/code-server/User/History/-35e352b/aqeS.json /data/data/com.termux/files/home/.local/share/code-server/User/History/-35e352b/entries.json /data/data/com.termux/files/home/.local/share/code-server/User/History/-35e352b/gFMf.json /data/data/com.termux/files/home/.local/share/code-server/User/History/-35e352b/greY.json /data/data/com.termux/files/home/.local/share/code-server/User/History/-3af412b/1wLE.html /data/data/com.termux/files/home/.local/share/code-server/User/History/-3af412b/2esl.html /data/data/com.termux/files/home/.local/share/code-server/User/History/-3af412b/4qbA.html /data/data/com.termux/files/home/.local/share/code-server/User/History/-3af412b/622H.html /data/data/com.termux/files/home/.local/share/code-server/User/History/-3af412b/68o5.html /data/data/com.termux/files/home/.local/share/code-server/User/History/-3af412b/6rWz.html /data/data/com.termux/files/home/.local/share/code-server/User/History/-3af412b/7I4T.html /data/data/com.termux/files/home/.local/share/code-server/User/History/-3af412b/7n1p.html /data/data/com.termux/files/home/.local/share/code-server/User/History/-3af412b/8mt2.html /data/data/com.termux/files/home/.local/share/code-server/User/History/-3af412b/92rU.html /data/data/com.termux/files/home/.local/share/code-server/User/History/-3af412b/99ZF.html /data/data/com.termux/files/home/.local/share/code-server/User/History/-3af412b/AVUE.html /data/data/com.termux/files/home/.local/share/code-server/User/History/-3af412b/B3N7.html /data/data/com.termux/files/home/.local/share/code-server/User/History/-3af412b/DIsS.html /data/data/com.termux/files/home/.local/share/code-server/User/History/-3af412b/EHmS.html /data/data/com.termux/files/home/.local/share/code-server/User/History/-3af412b/EmjA.html /data/data/com.termux/files/home/.local/share/code-server/User/History/-3af412b/IiFW.html /data/data/com.termux/files/home/.local/share/code-server/User/History/-3af412b/QSHu.html /data/data/com.termux/files/home/.local/share/code-server/User/History/-3af412b/TY8x.html /data/data/com.termux/files/home/.local/share/code-server/User/History/-3af412b/UR9U.html /data/data/com.termux/files/home/.local/share/code-server/User/History/-3af412b/Uaon.html /data/data/com.termux/files/home/.local/share/code-server/User/History/-3af412b/Uc3l.html /data/data/com.termux/files/home/.local/share/code-server/User/History/-3af412b/VcXW.html /data/data/com.termux/files/home/.local/share/code-server/User/History/-3af412b/dW0x.html /data/data/com.termux/files/home/.local/share/code-server/User/History/-3af412b/entries.json /data/data/com.termux/files/home/.local/share/code-server/User/History/-3af412b/i7TQ.html /data/data/com.termux/files/home/.local/share/code-server/User/History/-3af412b/i80K.html /data/data/com.termux/files/home/.local/share/code-server/User/History/-3af412b/jHnj.html /data/data/com.termux/files/home/.local/share/code-server/User/History/-3af412b/kbe6.html /data/data/com.termux/files/home/.local/share/code-server/User/History/-3af412b/lXhf.html /data/data/com.termux/files/home/.local/share/code-server/User/History/-3af412b/ls54.html /data/data/com.termux/files/home/.local/share/code-server/User/History/-3af412b/o54t.html /data/data/com.termux/files/home/.local/share/code-server/User/History/-3af412b/qmoj.html /data/data/com.termux/files/home/.local/share/code-server/User/History/-3af412b/rKTI.html /data/data/com.termux/files/home/.local/share/code-server/User/History/-3af412b/sFcW.html /data/data/com.termux/files/home/.local/share/code-server/User/History/-3af412b/sIoe.html /data/data/com.termux/files/home/.local/share/code-server/User/History/-3af412b/t5Cb.html /data/data/com.termux/files/home/.local/share/code-server/User/History/-3af412b/wl4D.html /data/data/com.termux/files/home/.local/share/code-server/User/History/-3af412b/wz79.html /data/data/com.termux/files/home/.local/share/code-server/User/History/-3af412b/yRvL.html /data/data/com.termux/files/home/.local/share/code-server/User/History/-3af412b/ze2E.html /data/data/com.termux/files/home/.local/share/code-server/User/History/-5340addd/LOVs.json /data/data/com.termux/files/home/.local/share/code-server/User/History/-5340addd/entries.json /data/data/com.termux/files/home/.local/share/code-server/User/History/-5340addd/oh5h.json /data/data/com.termux/files/home/.local/share/code-server/User/History/-5340addd/vJx3.json /data/data/com.termux/files/home/.local/share/code-server/User/History/-be7e8e8/23GD.html /data/data/com.termux/files/home/.local/share/code-server/User/History/-be7e8e8/4jG6.html /data/data/com.termux/files/home/.local/share/code-server/User/History/-be7e8e8/Nir8.html /data/data/com.termux/files/home/.local/share/code-server/User/History/-be7e8e8/entries.json /data/data/com.termux/files/home/.local/share/code-server/User/History/-be7e8e8/fMJL.html /data/data/com.termux/files/home/.local/share/code-server/User/History/1242b3f9/Sbbw.json /data/data/com.termux/files/home/.local/share/code-server/User/History/1242b3f9/entries.json /data/data/com.termux/files/home/.local/share/code-server/User/History/188a6ecb/Bfyk.html /data/data/com.termux/files/home/.local/share/code-server/User/History/188a6ecb/VIBJ.html /data/data/com.termux/files/home/.local/share/code-server/User/History/188a6ecb/b87S.html /data/data/com.termux/files/home/.local/share/code-server/User/History/188a6ecb/bJ2k.html /data/data/com.termux/files/home/.local/share/code-server/User/History/188a6ecb/entries.json /data/data/com.termux/files/home/.local/share/code-server/User/History/188a6ecb/l1tL.html /data/data/com.termux/files/home/.local/share/code-server/User/History/3985ff27/644e.html /data/data/com.termux/files/home/.local/share/code-server/User/History/3985ff27/J2Qt.html /data/data/com.termux/files/home/.local/share/code-server/User/History/3985ff27/PRdW.html /data/data/com.termux/files/home/.local/share/code-server/User/History/3985ff27/RHYU.html /data/data/com.termux/files/home/.local/share/code-server/User/History/3985ff27/entries.json /data/data/com.termux/files/home/.local/share/code-server/User/History/3985ff27/nU6M.html /data/data/com.termux/files/home/.local/share/code-server/User/History/3985ff27/vvRs.html /data/data/com.termux/files/home/.local/share/code-server/User/History/55f53c60/7IS6.py /data/data/com.termux/files/home/.local/share/code-server/User/History/55f53c60/9Db1.py /data/data/com.termux/files/home/.local/share/code-server/User/History/55f53c60/DxiL.py /data/data/com.termux/files/home/.local/share/code-server/User/History/55f53c60/F7Wr.py /data/data/com.termux/files/home/.local/share/code-server/User/History/55f53c60/HY1D.py /data/data/com.termux/files/home/.local/share/code-server/User/History/55f53c60/K8my.py /data/data/com.termux/files/home/.local/share/code-server/User/History/55f53c60/N5w0.py /data/data/com.termux/files/home/.local/share/code-server/User/History/55f53c60/NPh1.py /data/data/com.termux/files/home/.local/share/code-server/User/History/55f53c60/VBhZ.py /data/data/com.termux/files/home/.local/share/code-server/User/History/55f53c60/Wuxe.py /data/data/com.termux/files/home/.local/share/code-server/User/History/55f53c60/dxP6.py /data/data/com.termux/files/home/.local/share/code-server/User/History/55f53c60/eNBc.py /data/data/com.termux/files/home/.local/share/code-server/User/History/55f53c60/entries.json /data/data/com.termux/files/home/.local/share/code-server/User/History/55f53c60/fXYK.py /data/data/com.termux/files/home/.local/share/code-server/User/History/55f53c60/hnZl.py /data/data/com.termux/files/home/.local/share/code-server/User/History/55f53c60/i7zd.py /data/data/com.termux/files/home/.local/share/code-server/User/History/55f53c60/qmr7.py /data/data/com.termux/files/home/.local/share/code-server/User/History/55f53c60/rIXf.py /data/data/com.termux/files/home/.local/share/code-server/User/History/55f53c60/tBxx.py /data/data/com.termux/files/home/.local/share/code-server/User/History/55f53c60/wQF1.py /data/data/com.termux/files/home/.local/share/code-server/User/History/55f53c60/zusU.py /data/data/com.termux/files/home/.local/share/code-server/User/History/6ff95afe/6MUy.html /data/data/com.termux/files/home/.local/share/code-server/User/History/6ff95afe/KR4P.html /data/data/com.termux/files/home/.local/share/code-server/User/History/6ff95afe/NVhA.html /data/data/com.termux/files/home/.local/share/code-server/User/History/6ff95afe/Zs5C.html /data/data/com.termux/files/home/.local/share/code-server/User/History/6ff95afe/bft3.html /data/data/com.termux/files/home/.local/share/code-server/User/History/6ff95afe/entries.json /data/data/com.termux/files/home/.local/share/code-server/User/History/6ff95afe/hqb9.html /data/data/com.termux/files/home/.local/share/code-server/User/History/6ff95afe/icNr.html /data/data/com.termux/files/home/.local/share/code-server/User/History/6ff95afe/mIgO.html /data/data/com.termux/files/home/.local/share/code-server/User/History/6ff95afe/of8j.html /data/data/com.termux/files/home/.local/share/code-server/User/History/6ff95afe/tRX7.html [212ms]
