2024-09-24 20:56:20.248 [info] Log level: Info
2024-09-24 20:56:20.248 [info] Validating found git in: "git"
2024-09-24 20:56:20.248 [info] Using git "2.46.1" from "git"
2024-09-24 20:56:20.248 [info] > git rev-parse --show-toplevel [10ms]
2024-09-24 20:56:20.275 [info] > git rev-parse --show-toplevel [29ms]
2024-09-24 20:56:20.294 [info] > git rev-parse --show-toplevel [8ms]
2024-09-24 20:57:05.411 [info] > git rev-parse --show-toplevel [24ms]
2024-09-24 20:57:26.340 [info] > git rev-parse --show-toplevel [5ms]
2024-09-24 20:57:26.364 [info] > git rev-parse --git-dir --git-common-dir [14ms]
2024-09-24 20:57:26.409 [info] Open repository: /data/data/com.termux/files/home
2024-09-24 20:57:26.459 [info] > git config --get commit.template [26ms]
2024-09-24 20:57:26.470 [info] > git for-each-ref --format=%(refname)%00%(upstream:short)%00%(objectname)%00%(upstream:track)%00%(upstream:remotename)%00%(upstream:remoteref) refs/heads/main refs/remotes/main [21ms]
2024-09-24 20:57:26.797 [info] > git status -z -uall [307ms]
2024-09-24 20:57:26.910 [info] > git merge-base refs/heads/main refs/remotes/origin/main [82ms]
2024-09-24 20:57:27.127 [info] > git rev-list --count --left-right refs/heads/main...refs/remotes/origin/main [156ms]
2024-09-24 20:57:27.187 [info] > git config --get commit.template [286ms]
2024-09-24 20:57:27.201 [info] > git diff --name-status -z --diff-filter=ADMR c11d72fad769c3cc390061fa0f7dc2a055fab2c1...refs/remotes/origin/main [25ms]
2024-09-24 20:57:27.353 [info] > git for-each-ref --format=%(refname)%00%(upstream:short)%00%(objectname)%00%(upstream:track)%00%(upstream:remotename)%00%(upstream:remoteref) refs/heads/main refs/remotes/main [124ms]
2024-09-24 20:57:27.879 [info] > git status -z -uall [465ms]
2024-09-24 20:57:27.880 [info] > git merge-base refs/heads/main refs/remotes/origin/main [385ms]
2024-09-24 20:57:27.913 [info] > git fetch [1504ms]
2024-09-24 20:57:27.982 [info] > git rev-list --count --left-right refs/heads/main...refs/remotes/origin/main [72ms]
2024-09-24 20:57:28.015 [info] > git config --get commit.template [34ms]
2024-09-24 20:57:28.424 [info] > git for-each-ref --format=%(refname)%00%(upstream:short)%00%(objectname)%00%(upstream:track)%00%(upstream:remotename)%00%(upstream:remoteref) refs/heads/main refs/remotes/main [392ms]
2024-09-24 20:57:28.514 [info] > git status -z -uall [60ms]
2024-09-24 20:57:29.141 [info] > git check-ignore -v -z --stdin [62ms]
2024-09-24 20:57:32.062 [info] > git config --get commit.template [25ms]
2024-09-24 20:57:32.079 [info] > git for-each-ref --format=%(refname)%00%(upstream:short)%00%(objectname)%00%(upstream:track)%00%(upstream:remotename)%00%(upstream:remoteref) refs/heads/main refs/remotes/main [21ms]
2024-09-24 20:57:32.139 [info] > git status -z -uall [38ms]
2024-09-24 20:57:37.246 [info] > git config --get commit.template [39ms]
2024-09-24 20:57:37.259 [info] > git for-each-ref --format=%(refname)%00%(upstream:short)%00%(objectname)%00%(upstream:track)%00%(upstream:remotename)%00%(upstream:remoteref) refs/heads/main refs/remotes/main [16ms]
2024-09-24 20:57:37.324 [info] > git status -z -uall [40ms]
2024-09-24 20:57:42.379 [info] > git config --get commit.template [18ms]
2024-09-24 20:57:42.388 [info] > git for-each-ref --format=%(refname)%00%(upstream:short)%00%(objectname)%00%(upstream:track)%00%(upstream:remotename)%00%(upstream:remoteref) refs/heads/main refs/remotes/main [10ms]
2024-09-24 20:57:42.431 [info] > git status -z -uall [33ms]
2024-09-24 20:57:46.570 [info] > git add -A -- /data/data/com.termux/files/home/.bash_history /data/data/com.termux/files/home/.local/share/code-server/User/History/-5340addd/entries.json /data/data/com.termux/files/home/.local/share/code-server/User/settings.json /data/data/com.termux/files/home/.local/share/code-server/User/workspaceStorage/-31d49fb2/vscode.lock /data/data/com.termux/files/home/.local/share/code-server/coder-logs/code-server-stderr.log /data/data/com.termux/files/home/.local/share/code-server/coder-logs/code-server-stdout.log /data/data/com.termux/files/home/.local/share/code-server/logs/20240924T182937/remoteagent.log /data/data/com.termux/files/home/.local/share/fish/fish_history /data/data/com.termux/files/home/.local/share/code-server/User/History/-5340addd/7eFm.json /data/data/com.termux/files/home/.local/share/code-server/User/caches/CachedConfigurations/folder/72eadac1/configuration.json /data/data/com.termux/files/home/.local/share/code-server/User/workspaceStorage/-3a8ca608/vscode.lock /data/data/com.termux/files/home/.local/share/code-server/logs/20240924T205519/exthost1/remoteexthost.log /data/data/com.termux/files/home/.local/share/code-server/logs/20240924T205519/exthost1/vscode.git/Git.log /data/data/com.termux/files/home/.local/share/code-server/logs/20240924T205519/exthost1/vscode.github-authentication/GitHub Authentication.log /data/data/com.termux/files/home/.local/share/code-server/logs/20240924T205519/exthost1/vscode.github/GitHub.log /data/data/com.termux/files/home/.local/share/code-server/logs/20240924T205519/exthost1/vscode.json-language-features/JSON Language Server.log /data/data/com.termux/files/home/.local/share/code-server/logs/20240924T205519/network.log /data/data/com.termux/files/home/.local/share/code-server/logs/20240924T205519/remoteagent.log [20ms]
2024-09-24 20:57:46.589 [info] > git config --get commit.template [9ms]
2024-09-24 20:57:46.595 [info] > git for-each-ref --format=%(refname)%00%(upstream:short)%00%(objectname)%00%(upstream:track)%00%(upstream:remotename)%00%(upstream:remoteref) refs/heads/main refs/remotes/main [7ms]
2024-09-24 20:57:46.658 [info] > git status -z -uall [53ms]
2024-09-24 20:57:47.530 [info] > git check-ignore -v -z --stdin [40ms]
2024-09-24 20:57:47.561 [info] > git config --get commit.template [33ms]
2024-09-24 20:57:47.570 [info] > git for-each-ref --format=%(refname)%00%(upstream:short)%00%(objectname)%00%(upstream:track)%00%(upstream:remotename)%00%(upstream:remoteref) refs/heads/main refs/remotes/main [19ms]
2024-09-24 20:57:47.652 [info] > git status -z -uall [48ms]
2024-09-24 20:57:49.723 [info] > git check-ignore -v -z --stdin [23ms]
2024-09-24 20:57:52.690 [info] > git config --get commit.template [11ms]
2024-09-24 20:57:52.695 [info] > git for-each-ref --format=%(refname)%00%(upstream:short)%00%(objectname)%00%(upstream:track)%00%(upstream:remotename)%00%(upstream:remoteref) refs/heads/main refs/remotes/main [7ms]
2024-09-24 20:57:52.726 [info] > git status -z -uall [20ms]
2024-09-24 20:57:54.622 [info] > git for-each-ref --sort -committerdate --format %(refname) %(objectname) %(*objectname) [9ms]
2024-09-24 20:57:57.783 [info] > git config --get commit.template [21ms]
2024-09-24 20:57:57.802 [info] > git for-each-ref --format=%(refname)%00%(upstream:short)%00%(objectname)%00%(upstream:track)%00%(upstream:remotename)%00%(upstream:remoteref) refs/heads/main refs/remotes/main [23ms]
2024-09-24 20:57:57.929 [info] > git status -z -uall [91ms]
2024-09-24 20:58:03.043 [info] > git config --get commit.template [34ms]
2024-09-24 20:58:03.051 [info] > git for-each-ref --format=%(refname)%00%(upstream:short)%00%(objectname)%00%(upstream:track)%00%(upstream:remotename)%00%(upstream:remoteref) refs/heads/main refs/remotes/main [16ms]
2024-09-24 20:58:03.120 [info] > git status -z -uall [49ms]
2024-09-24 20:58:08.174 [info] > git config --get commit.template [11ms]
2024-09-24 20:58:08.179 [info] > git for-each-ref --format=%(refname)%00%(upstream:short)%00%(objectname)%00%(upstream:track)%00%(upstream:remotename)%00%(upstream:remoteref) refs/heads/main refs/remotes/main [8ms]
2024-09-24 20:58:08.212 [info] > git status -z -uall [22ms]
2024-09-24 20:58:13.295 [info] > git config --get commit.template [38ms]
2024-09-24 20:58:13.304 [info] > git for-each-ref --format=%(refname)%00%(upstream:short)%00%(objectname)%00%(upstream:track)%00%(upstream:remotename)%00%(upstream:remoteref) refs/heads/main refs/remotes/main [15ms]
2024-09-24 20:58:13.377 [info] > git status -z -uall [41ms]
2024-09-24 20:58:13.612 [info] > git for-each-ref --sort -committerdate --format %(refname) %(objectname) %(*objectname) [8ms]
2024-09-24 20:58:15.882 [info] > git checkout -q main [27ms]
2024-09-24 20:58:15.906 [info] > git config --get commit.template [13ms]
2024-09-24 20:58:15.910 [info] > git for-each-ref --format=%(refname)%00%(upstream:short)%00%(objectname)%00%(upstream:track)%00%(upstream:remotename)%00%(upstream:remoteref) refs/heads/main refs/remotes/main [7ms]
2024-09-24 20:58:15.986 [info] > git status -z -uall [59ms]
2024-09-24 20:58:18.490 [info] > git config --get commit.template [28ms]
2024-09-24 20:58:18.502 [info] > git for-each-ref --format=%(refname)%00%(upstream:short)%00%(objectname)%00%(upstream:track)%00%(upstream:remotename)%00%(upstream:remoteref) refs/heads/main refs/remotes/main [19ms]
2024-09-24 20:58:18.564 [info] > git status -z -uall [39ms]
2024-09-24 20:58:20.349 [info] > git check-ignore -v -z --stdin [12ms]
2024-09-24 20:58:23.636 [info] > git config --get commit.template [18ms]
2024-09-24 20:58:23.657 [info] > git for-each-ref --format=%(refname)%00%(upstream:short)%00%(objectname)%00%(upstream:track)%00%(upstream:remotename)%00%(upstream:remoteref) refs/heads/main refs/remotes/main [24ms]
2024-09-24 20:58:23.738 [info] > git status -z -uall [55ms]
2024-09-24 20:58:26.820 [info] > git for-each-ref --sort -committerdate --format %(refname) %(objectname) %(*objectname) [10ms]
2024-09-24 20:58:28.851 [info] > git config --get commit.template [49ms]
2024-09-24 20:58:28.880 [info] > git for-each-ref --format=%(refname)%00%(upstream:short)%00%(objectname)%00%(upstream:track)%00%(upstream:remotename)%00%(upstream:remoteref) refs/heads/main refs/remotes/main [14ms]
2024-09-24 20:58:28.937 [info] > git status -z -uall [37ms]
2024-09-24 20:58:30.613 [info] > git for-each-ref --sort -committerdate --format %(refname) %(objectname) %(*objectname) [9ms]
2024-09-24 20:58:33.976 [info] > git checkout -q --detach c11d72fad769c3cc390061fa0f7dc2a055fab2c1 [25ms]
2024-09-24 20:58:34.009 [info] > git config --get commit.template [24ms]
2024-09-24 20:58:34.018 [info] > git for-each-ref --format %(refname) %(objectname) %(*objectname) refs/tags [10ms]
2024-09-24 20:58:34.052 [info] > git status -z -uall [25ms]
2024-09-24 20:58:34.115 [info] > git config --get commit.template [34ms]
2024-09-24 20:58:34.141 [info] > git for-each-ref --format %(refname) %(objectname) %(*objectname) refs/tags [30ms]
2024-09-24 20:58:34.226 [info] > git status -z -uall [69ms]
2024-09-24 20:58:39.322 [info] > git config --get commit.template [38ms]
2024-09-24 20:58:39.332 [info] > git for-each-ref --format %(refname) %(objectname) %(*objectname) refs/tags [14ms]
2024-09-24 20:58:39.409 [info] > git status -z -uall [51ms]
2024-09-24 20:58:44.503 [info] > git config --get commit.template [27ms]
2024-09-24 20:58:44.510 [info] > git for-each-ref --format %(refname) %(objectname) %(*objectname) refs/tags [13ms]
2024-09-24 20:58:44.577 [info] > git status -z -uall [37ms]
2024-09-24 20:58:49.686 [info] > git config --get commit.template [46ms]
2024-09-24 20:58:49.696 [info] > git for-each-ref --format %(refname) %(objectname) %(*objectname) refs/tags [17ms]
2024-09-24 20:58:49.774 [info] > git status -z -uall [53ms]
2024-09-24 20:58:54.873 [info] > git config --get commit.template [42ms]
2024-09-24 20:58:54.880 [info] > git for-each-ref --format %(refname) %(objectname) %(*objectname) refs/tags [10ms]
2024-09-24 20:58:54.956 [info] > git status -z -uall [41ms]
2024-09-24 20:59:00.042 [info] > git config --get commit.template [24ms]
2024-09-24 20:59:00.055 [info] > git for-each-ref --format %(refname) %(objectname) %(*objectname) refs/tags [19ms]
2024-09-24 20:59:00.119 [info] > git status -z -uall [47ms]
2024-09-24 20:59:05.224 [info] > git config --get commit.template [40ms]
2024-09-24 20:59:05.234 [info] > git for-each-ref --format %(refname) %(objectname) %(*objectname) refs/tags [17ms]
2024-09-24 20:59:05.311 [info] > git status -z -uall [48ms]
2024-09-24 20:59:10.359 [info] > git config --get commit.template [15ms]
2024-09-24 20:59:10.376 [info] > git for-each-ref --format %(refname) %(objectname) %(*objectname) refs/tags [21ms]
2024-09-24 20:59:10.443 [info] > git status -z -uall [42ms]
2024-09-24 20:59:15.481 [info] > git config --get commit.template [11ms]
2024-09-24 20:59:15.488 [info] > git for-each-ref --format %(refname) %(objectname) %(*objectname) refs/tags [10ms]
2024-09-24 20:59:15.523 [info] > git status -z -uall [21ms]
2024-09-24 20:59:20.609 [info] > git config --get commit.template [31ms]
2024-09-24 20:59:20.622 [info] > git for-each-ref --format %(refname) %(objectname) %(*objectname) refs/tags [16ms]
2024-09-24 20:59:20.704 [info] > git status -z -uall [46ms]
