2024-09-24 19:57:45.967 [info] Log level: Info
2024-09-24 19:57:45.967 [info] Validating found git in: "git"
2024-09-24 19:57:45.967 [info] Using git "2.46.1" from "git"
2024-09-24 19:57:45.967 [info] > git rev-parse --show-toplevel [22ms]
2024-09-24 19:57:45.967 [info] > git rev-parse --git-dir --git-common-dir [31ms]
2024-09-24 19:57:45.967 [info] Open repository: /data/data/com.termux/files/home/html
2024-09-24 19:57:46.009 [info] No remotes found in the git config file.
2024-09-24 19:57:46.174 [info] > git for-each-ref --format=%(refname)%00%(upstream:short)%00%(objectname)%00%(upstream:track)%00%(upstream:remotename)%00%(upstream:remoteref) refs/heads/main refs/remotes/main [171ms]
2024-09-24 19:57:46.176 [warning] No such branch: main.
2024-09-24 19:57:46.179 [info] > git config --get commit.template [228ms]
2024-09-24 19:57:46.209 [info] > git rev-parse --show-toplevel [246ms]
2024-09-24 19:57:46.210 [info] fatal: not a git repository (or any parent up to mount point /)
Stopping at filesystem boundary (GIT_DISCOVERY_ACROSS_FILESYSTEM not set).
2024-09-24 19:57:46.252 [info] > git status -z -uall [47ms]
2024-09-24 19:57:46.298 [info] > git rev-parse --show-toplevel [71ms]
2024-09-24 19:57:46.375 [info] No remotes found in the git config file.
2024-09-24 19:57:46.392 [info] > git config --get commit.template [49ms]
2024-09-24 19:57:46.407 [info] > git for-each-ref --format=%(refname)%00%(upstream:short)%00%(objectname)%00%(upstream:track)%00%(upstream:remotename)%00%(upstream:remoteref) refs/heads/main refs/remotes/main [32ms]
2024-09-24 19:57:46.407 [warning] No such branch: main.
2024-09-24 19:57:46.434 [info] > git status -z -uall [12ms]
2024-09-24 19:57:48.940 [info] > git check-ignore -v -z --stdin [31ms]
2024-09-24 19:57:52.526 [info] > git check-ignore -v -z --stdin [19ms]
2024-09-24 19:58:34.334 [info] > git remote add Ram https://github.com/RaghvendraDehariya/Raghav-repo.git [22ms]
2024-09-24 19:58:34.407 [info] > git config --get commit.template [29ms]
2024-09-24 19:58:34.409 [info] > git for-each-ref --format=%(refname)%00%(upstream:short)%00%(objectname)%00%(upstream:track)%00%(upstream:remotename)%00%(upstream:remoteref) refs/heads/main refs/remotes/main [14ms]
2024-09-24 19:58:34.410 [warning] No such branch: main.
2024-09-24 19:58:34.443 [info] > git status -z -uall [16ms]
2024-09-24 19:58:35.626 [info] > git fetch Ram [1148ms]
2024-09-24 19:58:35.703 [info] > git config --get commit.template [31ms]
2024-09-24 19:58:35.718 [info] > git for-each-ref --format=%(refname)%00%(upstream:short)%00%(objectname)%00%(upstream:track)%00%(upstream:remotename)%00%(upstream:remoteref) refs/heads/main refs/remotes/main [30ms]
2024-09-24 19:58:35.718 [warning] No such branch: main.
2024-09-24 19:58:35.769 [info] > git status -z -uall [28ms]
2024-09-24 19:58:45.558 [info] > git fetch [958ms]
2024-09-24 19:58:45.600 [info] > git config --get commit.template [19ms]
2024-09-24 19:58:45.613 [info] > git for-each-ref --format=%(refname)%00%(upstream:short)%00%(objectname)%00%(upstream:track)%00%(upstream:remotename)%00%(upstream:remoteref) refs/heads/main refs/remotes/main [19ms]
2024-09-24 19:58:45.614 [warning] No such branch: main.
2024-09-24 19:58:45.651 [info] > git status -z -uall [20ms]
2024-09-24 19:58:52.336 [info] > git add -A -- /data/data/com.termux/files/home/html/.vscode/launch.json [8ms]
2024-09-24 19:58:52.366 [info] > git config --get commit.template [11ms]
2024-09-24 19:58:52.370 [info] > git for-each-ref --format=%(refname)%00%(upstream:short)%00%(objectname)%00%(upstream:track)%00%(upstream:remotename)%00%(upstream:remoteref) refs/heads/main refs/remotes/main [6ms]
2024-09-24 19:58:52.371 [warning] No such branch: main.
2024-09-24 19:58:52.386 [info] > git status -z -uall [7ms]
2024-09-24 19:58:53.546 [info] > git config --get commit.template [44ms]
2024-09-24 19:58:53.555 [info] > git for-each-ref --format=%(refname)%00%(upstream:short)%00%(objectname)%00%(upstream:track)%00%(upstream:remotename)%00%(upstream:remoteref) refs/heads/main refs/remotes/main [16ms]
2024-09-24 19:58:53.556 [warning] No such branch: main.
2024-09-24 19:58:53.604 [info] > git status -z -uall [17ms]
2024-09-24 19:59:08.262 [info] > git push [9ms]
2024-09-24 19:59:08.262 [info] fatal: The current branch main has no upstream branch.
To push the current branch and set the remote as upstream, use

    git push --set-upstream Ram main

To have this happen automatically for branches without a tracking
upstream, see 'push.autoSetupRemote' in 'git help config'.
2024-09-24 19:59:08.299 [info] > git config --get commit.template [18ms]
2024-09-24 19:59:08.309 [info] > git for-each-ref --format=%(refname)%00%(upstream:short)%00%(objectname)%00%(upstream:track)%00%(upstream:remotename)%00%(upstream:remoteref) refs/heads/main refs/remotes/main [18ms]
2024-09-24 19:59:08.310 [warning] No such branch: main.
2024-09-24 19:59:08.328 [info] > git status -z -uall [9ms]
2024-09-24 19:59:21.705 [info] > git push -u Ram main [24ms]
2024-09-24 19:59:21.705 [info] error: src refspec main does not match any
error: failed to push some refs to 'https://github.com/RaghvendraDehariya/Raghav-repo.git'
2024-09-24 19:59:21.789 [info] > git config --get commit.template [36ms]
2024-09-24 19:59:21.795 [info] > git for-each-ref --format=%(refname)%00%(upstream:short)%00%(objectname)%00%(upstream:track)%00%(upstream:remotename)%00%(upstream:remoteref) refs/heads/main refs/remotes/main [12ms]
2024-09-24 19:59:21.795 [warning] No such branch: main.
2024-09-24 19:59:21.833 [info] > git status -z -uall [14ms]
2024-09-24 19:59:33.656 [info] > git rev-parse --show-toplevel [35ms]
2024-09-24 19:59:33.657 [info] fatal: not a git repository (or any parent up to mount point /)
Stopping at filesystem boundary (GIT_DISCOVERY_ACROSS_FILESYSTEM not set).
2024-09-24 20:07:33.390 [info] > git fetch [951ms]
2024-09-24 20:07:33.444 [info] > git config --get commit.template [26ms]
2024-09-24 20:07:33.450 [info] > git for-each-ref --format=%(refname)%00%(upstream:short)%00%(objectname)%00%(upstream:track)%00%(upstream:remotename)%00%(upstream:remoteref) refs/heads/main refs/remotes/main [11ms]
2024-09-24 20:07:33.451 [warning] No such branch: main.
2024-09-24 20:07:33.493 [info] > git status -z -uall [18ms]
2024-09-24 20:07:36.412 [info] > git rev-parse --show-toplevel [25ms]
2024-09-24 20:07:36.412 [info] fatal: not a git repository (or any parent up to mount point /)
Stopping at filesystem boundary (GIT_DISCOVERY_ACROSS_FILESYSTEM not set).
2024-09-24 20:10:34.641 [info] > git fetch [1090ms]
2024-09-24 20:10:34.719 [info] > git config --get commit.template [33ms]
2024-09-24 20:10:34.731 [info] > git for-each-ref --format=%(refname)%00%(upstream:short)%00%(objectname)%00%(upstream:track)%00%(upstream:remotename)%00%(upstream:remoteref) refs/heads/main refs/remotes/main [13ms]
2024-09-24 20:10:34.732 [warning] No such branch: main.
2024-09-24 20:10:34.773 [info] > git status -z -uall [10ms]
2024-09-24 20:13:35.918 [info] > git fetch [1083ms]
2024-09-24 20:13:35.992 [info] > git config --get commit.template [33ms]
2024-09-24 20:13:36.003 [info] > git for-each-ref --format=%(refname)%00%(upstream:short)%00%(objectname)%00%(upstream:track)%00%(upstream:remotename)%00%(upstream:remoteref) refs/heads/main refs/remotes/main [12ms]
2024-09-24 20:13:36.004 [warning] No such branch: main.
2024-09-24 20:13:36.046 [info] > git status -z -uall [12ms]
2024-09-24 20:16:37.241 [info] > git fetch [1138ms]
2024-09-24 20:16:37.315 [info] > git config --get commit.template [29ms]
2024-09-24 20:16:37.336 [info] > git for-each-ref --format=%(refname)%00%(upstream:short)%00%(objectname)%00%(upstream:track)%00%(upstream:remotename)%00%(upstream:remoteref) refs/heads/main refs/remotes/main [28ms]
2024-09-24 20:16:37.337 [warning] No such branch: main.
2024-09-24 20:16:37.364 [info] > git status -z -uall [11ms]
2024-09-24 20:25:19.756 [info] > git fetch [1558ms]
2024-09-24 20:25:19.759 [info] From https://github.com/RaghvendraDehariya/Raghav-repo
 * [new branch]      main       -> Ram/main
2024-09-24 20:25:19.875 [info] > git config --get commit.template [45ms]
2024-09-24 20:25:19.887 [info] > git for-each-ref --format=%(refname)%00%(upstream:short)%00%(objectname)%00%(upstream:track)%00%(upstream:remotename)%00%(upstream:remoteref) refs/heads/main refs/remotes/main [18ms]
2024-09-24 20:25:19.887 [warning] No such branch: main.
2024-09-24 20:25:19.929 [info] > git status -z -uall [21ms]
2024-09-24 20:25:23.905 [info] > git show --textconv :.git/COMMIT_EDITMSG [71ms]
2024-09-24 20:25:23.914 [info] > git ls-files --stage -- /data/data/com.termux/files/home/html/.git/COMMIT_EDITMSG [30ms]
2024-09-24 20:25:24.170 [info] > git check-ignore -v -z --stdin [17ms]
2024-09-24 20:25:28.599 [info] > git -c user.useConfigOnly=true commit --quiet [6301ms]
2024-09-24 20:25:28.599 [info] Aborting commit due to empty commit message.
2024-09-24 20:25:28.657 [info] > git rev-parse --show-toplevel [60ms]
2024-09-24 20:25:28.663 [info] > git config --get commit.template [24ms]
2024-09-24 20:25:28.705 [info] > git for-each-ref --format=%(refname)%00%(upstream:short)%00%(objectname)%00%(upstream:track)%00%(upstream:remotename)%00%(upstream:remoteref) refs/heads/main refs/remotes/main [18ms]
2024-09-24 20:25:28.706 [warning] No such branch: main.
2024-09-24 20:25:28.740 [info] > git status -z -uall [13ms]
2024-09-24 20:27:11.580 [info] > git push Ram main [31ms]
2024-09-24 20:27:11.580 [info] error: src refspec main does not match any
error: failed to push some refs to 'https://github.com/RaghvendraDehariya/Raghav-repo.git'
2024-09-24 20:27:11.668 [info] > git config --get commit.template [35ms]
2024-09-24 20:27:11.671 [info] > git for-each-ref --format=%(refname)%00%(upstream:short)%00%(objectname)%00%(upstream:track)%00%(upstream:remotename)%00%(upstream:remoteref) refs/heads/main refs/remotes/main [10ms]
2024-09-24 20:27:11.672 [warning] No such branch: main.
2024-09-24 20:27:11.714 [info] > git status -z -uall [13ms]
2024-09-24 20:27:20.713 [info] > git rev-parse --show-toplevel [44ms]
2024-09-24 20:27:33.603 [info] > git rev-parse --show-toplevel [18ms]
2024-09-24 20:27:35.042 [info] > git rev-parse --show-toplevel [22ms]
2024-09-24 20:27:40.374 [info] > git show --textconv :.git/COMMIT_EDITMSG [42ms]
2024-09-24 20:27:40.385 [info] > git ls-files --stage -- /data/data/com.termux/files/home/html/.git/COMMIT_EDITMSG [19ms]
2024-09-24 20:27:40.694 [info] > git ls-files --stage -- /data/data/com.termux/files/home/html/.git/COMMIT_EDITMSG [14ms]
2024-09-24 20:27:40.754 [info] > git show --textconv :.git/COMMIT_EDITMSG [12ms]
2024-09-24 20:27:42.407 [info] > git -c user.useConfigOnly=true commit --quiet [2999ms]
2024-09-24 20:27:42.407 [info] Aborting commit due to empty commit message.
2024-09-24 20:27:42.435 [info] > git rev-parse --show-toplevel [32ms]
2024-09-24 20:27:42.471 [info] > git config --get commit.template [42ms]
2024-09-24 20:27:42.498 [info] > git for-each-ref --format=%(refname)%00%(upstream:short)%00%(objectname)%00%(upstream:track)%00%(upstream:remotename)%00%(upstream:remoteref) refs/heads/main refs/remotes/main [35ms]
2024-09-24 20:27:42.500 [warning] No such branch: main.
2024-09-24 20:27:42.548 [info] > git status -z -uall [17ms]
2024-09-24 20:27:48.282 [info] > git show --textconv :.git/COMMIT_EDITMSG [43ms]
2024-09-24 20:27:48.292 [info] > git ls-files --stage -- /data/data/com.termux/files/home/html/.git/COMMIT_EDITMSG [21ms]
2024-09-24 20:27:48.634 [info] > git ls-files --stage -- /data/data/com.termux/files/home/html/.git/COMMIT_EDITMSG [17ms]
2024-09-24 20:27:48.688 [info] > git show --textconv :.git/COMMIT_EDITMSG [13ms]
2024-09-24 20:27:54.360 [info] > git -c user.useConfigOnly=true commit --quiet [7025ms]
2024-09-24 20:27:54.361 [info] Aborting commit due to empty commit message.
2024-09-24 20:27:54.392 [info] > git rev-parse --show-toplevel [36ms]
2024-09-24 20:27:54.433 [info] > git config --get commit.template [42ms]
2024-09-24 20:27:54.464 [info] > git for-each-ref --format=%(refname)%00%(upstream:short)%00%(objectname)%00%(upstream:track)%00%(upstream:remotename)%00%(upstream:remoteref) refs/heads/main refs/remotes/main [37ms]
2024-09-24 20:27:54.465 [warning] No such branch: main.
2024-09-24 20:27:54.529 [info] > git status -z -uall [37ms]
2024-09-24 20:27:57.978 [info] > git rev-parse --show-toplevel [16ms]
2024-09-24 20:28:21.060 [info] > git fetch [1081ms]
2024-09-24 20:28:21.151 [info] > git config --get commit.template [46ms]
2024-09-24 20:28:21.160 [info] > git for-each-ref --format=%(refname)%00%(upstream:short)%00%(objectname)%00%(upstream:track)%00%(upstream:remotename)%00%(upstream:remoteref) refs/heads/main refs/remotes/main [14ms]
2024-09-24 20:28:21.161 [warning] No such branch: main.
2024-09-24 20:28:21.211 [info] > git status -z -uall [22ms]
2024-09-24 20:28:33.833 [info] > git rev-parse --show-toplevel [20ms]
2024-09-24 20:28:39.368 [info] > git rev-parse --show-toplevel [15ms]
2024-09-24 20:29:01.199 [info] > git push Ram main [27ms]
2024-09-24 20:29:01.199 [info] error: src refspec main does not match any
error: failed to push some refs to 'https://github.com/RaghvendraDehariya/Raghav-repo.git'
2024-09-24 20:29:01.272 [info] > git config --get commit.template [43ms]
2024-09-24 20:29:01.284 [info] > git for-each-ref --format=%(refname)%00%(upstream:short)%00%(objectname)%00%(upstream:track)%00%(upstream:remotename)%00%(upstream:remoteref) refs/heads/main refs/remotes/main [16ms]
2024-09-24 20:29:01.285 [warning] No such branch: main.
2024-09-24 20:29:01.330 [info] > git status -z -uall [16ms]
2024-09-24 20:29:03.359 [info] > git rev-parse --show-toplevel [20ms]
2024-09-24 20:29:28.666 [info] > git rev-parse --show-toplevel [16ms]
2024-09-24 20:31:47.092 [info] > git fetch [1363ms]
2024-09-24 20:31:47.131 [info] > git config --get commit.template [18ms]
2024-09-24 20:31:47.137 [info] > git for-each-ref --format=%(refname)%00%(upstream:short)%00%(objectname)%00%(upstream:track)%00%(upstream:remotename)%00%(upstream:remoteref) refs/heads/main refs/remotes/main [8ms]
2024-09-24 20:31:47.137 [warning] No such branch: main.
2024-09-24 20:31:47.163 [info] > git status -z -uall [6ms]
2024-09-24 20:32:02.761 [info] > git rev-parse --show-toplevel [15ms]
