2024-09-24 19:52:32.544 [info] Reading sessions from keychain...
2024-09-24 19:52:32.545 [info] Getting sessions for all scopes...
2024-09-24 19:52:32.545 [info] Got 0 sessions for ...
2024-09-24 19:52:32.547 [info] Getting sessions for read:user,repo,user:email,workflow...
2024-09-24 19:52:32.547 [info] Got 0 sessions for read:user,repo,user:email,workflow...
2024-09-24 19:52:32.552 [info] Getting sessions for all scopes...
2024-09-24 19:52:32.552 [info] Got 0 sessions for ...
2024-09-24 19:53:09.949 [info] Getting sessions for read:user,repo,user:email,workflow...
2024-09-24 19:53:09.950 [info] Got 0 sessions for read:user,repo,user:email,workflow...
2024-09-24 19:53:18.184 [info] Getting sessions for read:user,repo,user:email,workflow...
2024-09-24 19:53:18.184 [info] Got 0 sessions for read:user,repo,user:email,workflow...
2024-09-24 19:53:19.228 [info] Logging in for the following scopes: read:user repo user:email workflow
2024-09-24 19:53:19.318 [info] Trying device code flow... (read:user repo user:email workflow)
2024-09-24 19:55:45.212 [error] Timed out
2024-09-24 19:55:49.469 [info] Trying to retrieve PAT... (read:user repo user:email workflow)
2024-09-24 19:55:56.632 [error] User Cancelled
2024-09-24 19:55:57.502 [info] Getting sessions for read:user,repo,user:email,workflow...
2024-09-24 19:55:57.503 [info] Got 0 sessions for read:user,repo,user:email,workflow...
2024-09-24 19:55:59.067 [info] Logging in for the following scopes: read:user repo user:email workflow
2024-09-24 19:55:59.084 [info] Trying device code flow... (read:user repo user:email workflow)
2024-09-24 19:57:21.223 [info] Getting user info...
2024-09-24 19:57:21.831 [info] Got account info!
2024-09-24 19:57:21.837 [info] Storing 1 sessions...
2024-09-24 19:57:21.860 [info] Reading sessions from keychain...
2024-09-24 19:57:21.861 [info] Stored 1 sessions!
2024-09-24 19:57:21.868 [info] Login success!
2024-09-24 19:57:21.907 [info] Got stored sessions!
2024-09-24 19:57:21.907 [info] Got 1 verified sessions.
